<?xml version="1.0" encoding="UTF-8"?>
<robot generator="Robot 7.4.1 (Python 3.13.3 on win32)" generated="2026-02-19T16:39:40.086220" rpa="false" schemaversion="5">
<suite id="s1" name="Test Csv Driven" source="C:\Users\ANMOL SINGHAL\PycharmProjects\PythonProject2\Wipro_Capstone_Toolshop\robot_tests\test_csv_driven.robot">
<test id="s1-t1" name="Execute Capstone Scenarios From CSV" line="12">
<kw name="Get File" owner="OperatingSystem">
<msg time="2026-02-19T16:39:40.332061" level="INFO" html="true">Getting file '&lt;a href="file://C:\Users\ANMOL SINGHAL\PycharmProjects\PythonProject2\Wipro_Capstone_Toolshop\robot_data.csv"&gt;C:\Users\ANMOL SINGHAL\PycharmProjects\PythonProject2\Wipro_Capstone_Toolshop\robot_data.csv&lt;/a&gt;'.</msg>
<msg time="2026-02-19T16:39:40.332483" level="INFO">${file_content} = email,password,product
customer@practicesoftwaretesting.com,welcome01,Pliers
customer2@practicesoftwaretesting.com,welcome01,Chisel
customer@practicesoftwaretesting.com,welcome01,Saw
customer2@practic...</msg>
<var>${file_content}</var>
<arg>${CSV_PATH}</arg>
<doc>Returns the contents of a specified file.</doc>
<status status="PASS" start="2026-02-19T16:39:40.331697" elapsed="0.000825"/>
</kw>
<kw name="Split To Lines" owner="String">
<msg time="2026-02-19T16:39:40.333321" level="INFO">10 lines returned.</msg>
<msg time="2026-02-19T16:39:40.333420" level="INFO">@{lines} = [ email,password,product | customer@practicesoftwaretesting.com,welcome01,Pliers | customer2@practicesoftwaretesting.com,welcome01,Chisel | customer@practicesoftwaretesting.com,welcome01,Saw | custome...</msg>
<var>@{lines}</var>
<arg>${file_content}</arg>
<doc>Splits the given string to lines.</doc>
<status status="PASS" start="2026-02-19T16:39:40.333055" elapsed="0.000387"/>
</kw>
<kw name="Get Length" owner="BuiltIn">
<msg time="2026-02-19T16:39:40.334351" level="INFO">Length is 10.</msg>
<msg time="2026-02-19T16:39:40.334430" level="INFO">${line_count} = 10</msg>
<var>${line_count}</var>
<arg>${lines}</arg>
<doc>Returns and logs the length of the given item as an integer.</doc>
<status status="PASS" start="2026-02-19T16:39:40.333749" elapsed="0.000702"/>
</kw>
<for flavor="IN RANGE">
<iter>
<kw name="Get From List" owner="Collections">
<msg time="2026-02-19T16:39:40.335369" level="INFO">${line} = customer@practicesoftwaretesting.com,welcome01,Pliers</msg>
<var>${line}</var>
<arg>${lines}</arg>
<arg>${index}</arg>
<doc>Returns the value specified with an ``index`` from ``list``.</doc>
<status status="PASS" start="2026-02-19T16:39:40.335111" elapsed="0.000294"/>
</kw>
<kw name="Split String" owner="String">
<msg time="2026-02-19T16:39:40.336287" level="INFO">@{data} = [ customer@practicesoftwaretesting.com | welcome01 | Pliers ]</msg>
<var>@{data}</var>
<arg>${line}</arg>
<arg>separator=,</arg>
<doc>Splits the ``string`` using ``separator`` as a delimiter string.</doc>
<status status="PASS" start="2026-02-19T16:39:40.335543" elapsed="0.000783"/>
</kw>
<kw name="Get From List" owner="Collections">
<msg time="2026-02-19T16:39:40.336693" level="INFO">${email} = customer@practicesoftwaretesting.com</msg>
<var>${email}</var>
<arg>${data}</arg>
<arg>0</arg>
<doc>Returns the value specified with an ``index`` from ``list``.</doc>
<status status="PASS" start="2026-02-19T16:39:40.336465" elapsed="0.000261"/>
</kw>
<kw name="Get From List" owner="Collections">
<msg time="2026-02-19T16:39:40.337015" level="INFO">${password} = welcome01</msg>
<var>${password}</var>
<arg>${data}</arg>
<arg>1</arg>
<doc>Returns the value specified with an ``index`` from ``list``.</doc>
<status status="PASS" start="2026-02-19T16:39:40.336850" elapsed="0.000190"/>
</kw>
<kw name="Get From List" owner="Collections">
<msg time="2026-02-19T16:39:40.337333" level="INFO">${product} = Pliers</msg>
<var>${product}</var>
<arg>${data}</arg>
<arg>2</arg>
<doc>Returns the value specified with an ``index`` from ``list``.</doc>
<status status="PASS" start="2026-02-19T16:39:40.337137" elapsed="0.000226"/>
</kw>
<kw name="Log To Console" owner="BuiltIn">
<arg>\nStarting Scenario for: ${email}</arg>
<doc>Logs the given message to the console.</doc>
<status status="PASS" start="2026-02-19T16:39:40.337478" elapsed="0.000470"/>
</kw>
<kw name="Run Keyword And Continue On Failure" owner="BuiltIn">
<kw name="Run Scenario With Fresh Browser">
<kw name="Open Toolshop">
<kw name="Evaluate" owner="BuiltIn">
<msg time="2026-02-19T16:39:40.344673" level="INFO">${options} = &lt;selenium.webdriver.chrome.options.Options object at 0x000001FB60F62120&gt;</msg>
<var>${options}</var>
<arg>sys.modules['selenium.webdriver'].ChromeOptions()</arg>
<arg>sys</arg>
<doc>Evaluates the given expression in Python and returns the result.</doc>
<status status="PASS" start="2026-02-19T16:39:40.344308" elapsed="0.000393"/>
</kw>
<kw name="Call Method" owner="BuiltIn">
<arg>${options}</arg>
<arg>add_experimental_option</arg>
<arg>prefs</arg>
<arg>${{ {'credentials_enable_service': False, 'profile.password_manager_enabled': False, 'profile.password_manager_leak_detection': False} }}</arg>
<doc>Calls the named method of the given object with the provided arguments.</doc>
<status status="PASS" start="2026-02-19T16:39:40.344825" elapsed="0.000698"/>
</kw>
<kw name="Call Method" owner="BuiltIn">
<arg>${options}</arg>
<arg>add_argument</arg>
<arg>--disable-save-password-bubble</arg>
<doc>Calls the named method of the given object with the provided arguments.</doc>
<status status="PASS" start="2026-02-19T16:39:40.345750" elapsed="0.000413"/>
</kw>
<kw name="Call Method" owner="BuiltIn">
<arg>${options}</arg>
<arg>add_argument</arg>
<arg>--disable-notifications</arg>
<doc>Calls the named method of the given object with the provided arguments.</doc>
<status status="PASS" start="2026-02-19T16:39:40.346397" elapsed="0.000481"/>
</kw>
<kw name="Call Method" owner="BuiltIn">
<arg>${options}</arg>
<arg>add_argument</arg>
<arg>--no-sandbox</arg>
<doc>Calls the named method of the given object with the provided arguments.</doc>
<status status="PASS" start="2026-02-19T16:39:40.347033" elapsed="0.000246"/>
</kw>
<kw name="Create Webdriver" owner="SeleniumLibrary">
<msg time="2026-02-19T16:39:40.347567" level="INFO">Creating an instance of the Chrome WebDriver.</msg>
<arg>Chrome</arg>
<arg>options=${options}</arg>
<doc>Creates an instance of Selenium WebDriver.</doc>
<status status="PASS" start="2026-02-19T16:39:40.347401" elapsed="1.998948"/>
</kw>
<kw name="Set Window Size" owner="SeleniumLibrary">
<arg>1920</arg>
<arg>1080</arg>
<doc>Sets current windows size to given ``width`` and ``height``.</doc>
<status status="PASS" start="2026-02-19T16:39:42.346613" elapsed="0.449143"/>
</kw>
<kw name="Set Selenium Implicit Wait" owner="SeleniumLibrary">
<arg>10s</arg>
<doc>Sets the implicit wait value used by Selenium.</doc>
<status status="PASS" start="2026-02-19T16:39:42.796114" elapsed="0.001886"/>
</kw>
<status status="PASS" start="2026-02-19T16:39:40.343927" elapsed="2.454184"/>
</kw>
<kw name="Run Keyword And Ignore Error" owner="BuiltIn">
<kw name="Execute Capstone Flow">
<kw name="Go To" owner="SeleniumLibrary">
<msg time="2026-02-19T16:39:42.799229" level="INFO">Opening url 'https://practicesoftwaretesting.com/'</msg>
<arg>${URL}</arg>
<doc>Navigates the current browser window to the provided ``url``.</doc>
<status status="PASS" start="2026-02-19T16:39:42.799098" elapsed="1.435291"/>
</kw>
<kw name="Wait Until Element Is Visible" owner="SeleniumLibrary">
<arg>css:a[data-test='nav-sign-in']</arg>
<arg>15s</arg>
<doc>Waits until the element ``locator`` is visible.</doc>
<status status="PASS" start="2026-02-19T16:39:44.234639" elapsed="0.226890"/>
</kw>
<kw name="Click Element" owner="SeleniumLibrary">
<msg time="2026-02-19T16:39:44.464133" level="INFO">Clicking element 'css:a[data-test='nav-sign-in']'.</msg>
<arg>css:a[data-test='nav-sign-in']</arg>
<doc>Click the element identified by ``locator``.</doc>
<status status="PASS" start="2026-02-19T16:39:44.461789" elapsed="0.143769"/>
</kw>
<kw name="Wait Until Element Is Visible" owner="SeleniumLibrary">
<arg>id:email</arg>
<arg>10s</arg>
<doc>Waits until the element ``locator`` is visible.</doc>
<status status="PASS" start="2026-02-19T16:39:44.606076" elapsed="0.185047"/>
</kw>
<kw name="Input Text" owner="SeleniumLibrary">
<msg time="2026-02-19T16:39:44.791737" level="INFO">Typing text 'customer@practicesoftwaretesting.com' into text field 'id:email'.</msg>
<arg>id:email</arg>
<arg>${email}</arg>
<doc>Types the given ``text`` into the text field identified by ``locator``.</doc>
<status status="PASS" start="2026-02-19T16:39:44.791382" elapsed="0.244828"/>
</kw>
<kw name="Input Text" owner="SeleniumLibrary">
<msg time="2026-02-19T16:39:45.036600" level="INFO">Typing text 'welcome01' into text field 'id:password'.</msg>
<arg>id:password</arg>
<arg>${password}</arg>
<doc>Types the given ``text`` into the text field identified by ``locator``.</doc>
<status status="PASS" start="2026-02-19T16:39:45.036377" elapsed="0.101737"/>
</kw>
<kw name="Click Button" owner="SeleniumLibrary">
<msg time="2026-02-19T16:39:45.138522" level="INFO">Clicking button 'css:input[data-test='login-submit']'.</msg>
<arg>css:input[data-test='login-submit']</arg>
<doc>Clicks the button identified by ``locator``.</doc>
<status status="PASS" start="2026-02-19T16:39:45.138311" elapsed="0.066462"/>
</kw>
<kw name="Wait Until Element Is Visible" owner="SeleniumLibrary">
<arg>css:a[data-test='nav-menu']</arg>
<arg>15s</arg>
<doc>Waits until the element ``locator`` is visible.</doc>
<status status="PASS" start="2026-02-19T16:39:45.205012" elapsed="4.427508"/>
</kw>
<kw name="Click Element" owner="SeleniumLibrary">
<msg time="2026-02-19T16:39:49.633530" level="INFO">Clicking element 'css:a[data-test='nav-home']'.</msg>
<arg>css:a[data-test='nav-home']</arg>
<doc>Click the element identified by ``locator``.</doc>
<status status="PASS" start="2026-02-19T16:39:49.633055" elapsed="0.239033"/>
</kw>
<kw name="Wait Until Element Is Visible" owner="SeleniumLibrary">
<arg>id:search-query</arg>
<arg>10s</arg>
<doc>Waits until the element ``locator`` is visible.</doc>
<status status="PASS" start="2026-02-19T16:39:49.872250" elapsed="0.022232"/>
</kw>
<kw name="Input Text" owner="SeleniumLibrary">
<msg time="2026-02-19T16:39:49.896137" level="INFO">Typing text 'Pliers' into text field 'id:search-query'.</msg>
<arg>id:search-query</arg>
<arg>${product}</arg>
<doc>Types the given ``text`` into the text field identified by ``locator``.</doc>
<status status="PASS" start="2026-02-19T16:39:49.894731" elapsed="0.128286"/>
</kw>
<kw name="Click Button" owner="SeleniumLibrary">
<msg time="2026-02-19T16:39:50.023660" level="INFO">Clicking button 'css:button[data-test='search-submit']'.</msg>
<arg>css:button[data-test='search-submit']</arg>
<doc>Clicks the button identified by ``locator``.</doc>
<status status="PASS" start="2026-02-19T16:39:50.023276" elapsed="0.100799"/>
</kw>
<kw name="Sleep" owner="BuiltIn">
<msg time="2026-02-19T16:39:52.124994" level="INFO">Slept 2 seconds.</msg>
<arg>2s</arg>
<doc>Pauses the test executed for the given time.</doc>
<status status="PASS" start="2026-02-19T16:39:50.124221" elapsed="2.001008"/>
</kw>
<kw name="Wait Until Element Is Visible" owner="SeleniumLibrary">
<arg>css:a.card</arg>
<arg>10s</arg>
<doc>Waits until the element ``locator`` is visible.</doc>
<status status="PASS" start="2026-02-19T16:39:52.125587" elapsed="0.039027"/>
</kw>
<kw name="Click Element" owner="SeleniumLibrary">
<msg time="2026-02-19T16:39:52.165312" level="INFO">Clicking element 'css:a.card'.</msg>
<arg>css:a.card</arg>
<doc>Click the element identified by ``locator``.</doc>
<status status="PASS" start="2026-02-19T16:39:52.164883" elapsed="0.116473"/>
</kw>
<kw name="Wait Until Element Is Visible" owner="SeleniumLibrary">
<arg>id:btn-add-to-cart</arg>
<arg>10s</arg>
<doc>Waits until the element ``locator`` is visible.</doc>
<status status="PASS" start="2026-02-19T16:39:52.281518" elapsed="1.961066"/>
</kw>
<kw name="Click Button" owner="SeleniumLibrary">
<msg time="2026-02-19T16:39:54.243019" level="INFO">Clicking button 'id:btn-add-to-cart'.</msg>
<arg>id:btn-add-to-cart</arg>
<doc>Clicks the button identified by ``locator``.</doc>
<status status="PASS" start="2026-02-19T16:39:54.242762" elapsed="0.100676"/>
</kw>
<kw name="Wait Until Element Is Visible" owner="SeleniumLibrary">
<arg>css:span[data-test='cart-quantity']</arg>
<arg>10s</arg>
<doc>Waits until the element ``locator`` is visible.</doc>
<status status="PASS" start="2026-02-19T16:39:54.343667" elapsed="2.705302"/>
</kw>
<kw name="Click Element" owner="SeleniumLibrary">
<msg time="2026-02-19T16:39:57.049297" level="INFO">Clicking element 'css:a[data-test='nav-cart']'.</msg>
<arg>css:a[data-test='nav-cart']</arg>
<doc>Click the element identified by ``locator``.</doc>
<status status="PASS" start="2026-02-19T16:39:57.049127" elapsed="0.074945"/>
</kw>
<kw name="Wait Until Element Is Visible" owner="SeleniumLibrary">
<arg>css:input[data-test='product-quantity']</arg>
<arg>10s</arg>
<doc>Waits until the element ``locator`` is visible.</doc>
<status status="PASS" start="2026-02-19T16:39:57.124292" elapsed="1.501225"/>
</kw>
<kw name="Clear Element Text" owner="SeleniumLibrary">
<arg>css:input[data-test='product-quantity']</arg>
<doc>Clears the value of the text-input-element identified by ``locator``.</doc>
<status status="PASS" start="2026-02-19T16:39:58.625750" elapsed="0.049055"/>
</kw>
<kw name="Input Text" owner="SeleniumLibrary">
<msg time="2026-02-19T16:39:58.675286" level="INFO">Typing text '3' into text field 'css:input[data-test='product-quantity']'.</msg>
<arg>css:input[data-test='product-quantity']</arg>
<arg>3</arg>
<doc>Types the given ``text`` into the text field identified by ``locator``.</doc>
<status status="PASS" start="2026-02-19T16:39:58.675030" elapsed="0.084871"/>
</kw>
<kw name="Click Element" owner="SeleniumLibrary">
<msg time="2026-02-19T16:39:58.760396" level="INFO">Clicking element 'css:a[data-test='nav-menu']'.</msg>
<arg>css:a[data-test='nav-menu']</arg>
<doc>Click the element identified by ``locator``.</doc>
<status status="PASS" start="2026-02-19T16:39:58.760090" elapsed="0.091830"/>
</kw>
<kw name="Wait Until Element Is Visible" owner="SeleniumLibrary">
<arg>css:a[data-test='nav-sign-out']</arg>
<arg>10s</arg>
<doc>Waits until the element ``locator`` is visible.</doc>
<status status="PASS" start="2026-02-19T16:39:58.852203" elapsed="0.017807"/>
</kw>
<kw name="Click Element" owner="SeleniumLibrary">
<msg time="2026-02-19T16:39:58.870382" level="INFO">Clicking element 'css:a[data-test='nav-sign-out']'.</msg>
<arg>css:a[data-test='nav-sign-out']</arg>
<doc>Click the element identified by ``locator``.</doc>
<status status="PASS" start="2026-02-19T16:39:58.870162" elapsed="0.907262"/>
</kw>
<arg>${email}</arg>
<arg>${password}</arg>
<arg>${product}</arg>
<status status="PASS" start="2026-02-19T16:39:42.798719" elapsed="16.978944"/>
</kw>
<arg>Execute Capstone Flow</arg>
<arg>${email}</arg>
<arg>${password}</arg>
<arg>${product}</arg>
<doc>Runs the given keyword with the given arguments and ignores possible error.</doc>
<status status="PASS" start="2026-02-19T16:39:42.798246" elapsed="16.979516"/>
</kw>
<kw name="Close Browser" owner="SeleniumLibrary">
<doc>Closes the current browser.</doc>
<status status="PASS" start="2026-02-19T16:39:59.777975" elapsed="2.419433"/>
</kw>
<arg>${email}</arg>
<arg>${password}</arg>
<arg>${product}</arg>
<status status="PASS" start="2026-02-19T16:39:40.343007" elapsed="21.854609"/>
</kw>
<arg>Run Scenario With Fresh Browser</arg>
<arg>${email}</arg>
<arg>${password}</arg>
<arg>${product}</arg>
<doc>Runs the keyword and continues execution even if a failure occurs.</doc>
<status status="PASS" start="2026-02-19T16:39:40.338060" elapsed="21.859658"/>
</kw>
<kw name="Log To Console" owner="BuiltIn">
<arg>Finished Scenario for: ${email} - SUCCESS</arg>
<doc>Logs the given message to the console.</doc>
<status status="PASS" start="2026-02-19T16:40:02.197904" elapsed="0.000936"/>
</kw>
<var name="${index}">1</var>
<status status="PASS" start="2026-02-19T16:39:40.334982" elapsed="21.864024"/>
</iter>
<iter>
<kw name="Get From List" owner="Collections">
<msg time="2026-02-19T16:40:02.199968" level="INFO">${line} = customer2@practicesoftwaretesting.com,welcome01,Chisel</msg>
<var>${line}</var>
<arg>${lines}</arg>
<arg>${index}</arg>
<doc>Returns the value specified with an ``index`` from ``list``.</doc>
<status status="PASS" start="2026-02-19T16:40:02.199710" elapsed="0.000295"/>
</kw>
<kw name="Split String" owner="String">
<msg time="2026-02-19T16:40:02.200490" level="INFO">@{data} = [ customer2@practicesoftwaretesting.com | welcome01 | Chisel ]</msg>
<var>@{data}</var>
<arg>${line}</arg>
<arg>separator=,</arg>
<doc>Splits the ``string`` using ``separator`` as a delimiter string.</doc>
<status status="PASS" start="2026-02-19T16:40:02.200160" elapsed="0.000364"/>
</kw>
<kw name="Get From List" owner="Collections">
<msg time="2026-02-19T16:40:02.200841" level="INFO">${email} = customer2@practicesoftwaretesting.com</msg>
<var>${email}</var>
<arg>${data}</arg>
<arg>0</arg>
<doc>Returns the value specified with an ``index`` from ``list``.</doc>
<status status="PASS" start="2026-02-19T16:40:02.200642" elapsed="0.000233"/>
</kw>
<kw name="Get From List" owner="Collections">
<msg time="2026-02-19T16:40:02.201176" level="INFO">${password} = welcome01</msg>
<var>${password}</var>
<arg>${data}</arg>
<arg>1</arg>
<doc>Returns the value specified with an ``index`` from ``list``.</doc>
<status status="PASS" start="2026-02-19T16:40:02.200997" elapsed="0.000202"/>
</kw>
<kw name="Get From List" owner="Collections">
<msg time="2026-02-19T16:40:02.201419" level="INFO">${product} = Chisel</msg>
<var>${product}</var>
<arg>${data}</arg>
<arg>2</arg>
<doc>Returns the value specified with an ``index`` from ``list``.</doc>
<status status="PASS" start="2026-02-19T16:40:02.201285" elapsed="0.000163"/>
</kw>
<kw name="Log To Console" owner="BuiltIn">
<arg>\nStarting Scenario for: ${email}</arg>
<doc>Logs the given message to the console.</doc>
<status status="PASS" start="2026-02-19T16:40:02.201542" elapsed="0.000463"/>
</kw>
<kw name="Run Keyword And Continue On Failure" owner="BuiltIn">
<kw name="Run Scenario With Fresh Browser">
<kw name="Open Toolshop">
<kw name="Evaluate" owner="BuiltIn">
<msg time="2026-02-19T16:40:02.203288" level="INFO">${options} = &lt;selenium.webdriver.chrome.options.Options object at 0x000001FB60EF7390&gt;</msg>
<var>${options}</var>
<arg>sys.modules['selenium.webdriver'].ChromeOptions()</arg>
<arg>sys</arg>
<doc>Evaluates the given expression in Python and returns the result.</doc>
<status status="PASS" start="2026-02-19T16:40:02.202976" elapsed="0.000337"/>
</kw>
<kw name="Call Method" owner="BuiltIn">
<arg>${options}</arg>
<arg>add_experimental_option</arg>
<arg>prefs</arg>
<arg>${{ {'credentials_enable_service': False, 'profile.password_manager_enabled': False, 'profile.password_manager_leak_detection': False} }}</arg>
<doc>Calls the named method of the given object with the provided arguments.</doc>
<status status="PASS" start="2026-02-19T16:40:02.203456" elapsed="0.000615"/>
</kw>
<kw name="Call Method" owner="BuiltIn">
<arg>${options}</arg>
<arg>add_argument</arg>
<arg>--disable-save-password-bubble</arg>
<doc>Calls the named method of the given object with the provided arguments.</doc>
<status status="PASS" start="2026-02-19T16:40:02.204175" elapsed="0.000180"/>
</kw>
<kw name="Call Method" owner="BuiltIn">
<arg>${options}</arg>
<arg>add_argument</arg>
<arg>--disable-notifications</arg>
<doc>Calls the named method of the given object with the provided arguments.</doc>
<status status="PASS" start="2026-02-19T16:40:02.204450" elapsed="0.000159"/>
</kw>
<kw name="Call Method" owner="BuiltIn">
<arg>${options}</arg>
<arg>add_argument</arg>
<arg>--no-sandbox</arg>
<doc>Calls the named method of the given object with the provided arguments.</doc>
<status status="PASS" start="2026-02-19T16:40:02.204680" elapsed="0.000153"/>
</kw>
<kw name="Create Webdriver" owner="SeleniumLibrary">
<msg time="2026-02-19T16:40:02.205028" level="INFO">Creating an instance of the Chrome WebDriver.</msg>
<arg>Chrome</arg>
<arg>options=${options}</arg>
<doc>Creates an instance of Selenium WebDriver.</doc>
<status status="PASS" start="2026-02-19T16:40:02.204913" elapsed="1.801646"/>
</kw>
<kw name="Set Window Size" owner="SeleniumLibrary">
<arg>1920</arg>
<arg>1080</arg>
<doc>Sets current windows size to given ``width`` and ``height``.</doc>
<status status="PASS" start="2026-02-19T16:40:04.006804" elapsed="0.376361"/>
</kw>
<kw name="Set Selenium Implicit Wait" owner="SeleniumLibrary">
<arg>10s</arg>
<doc>Sets the implicit wait value used by Selenium.</doc>
<status status="PASS" start="2026-02-19T16:40:04.383341" elapsed="0.001153"/>
</kw>
<status status="PASS" start="2026-02-19T16:40:02.202819" elapsed="2.181778"/>
</kw>
<kw name="Run Keyword And Ignore Error" owner="BuiltIn">
<kw name="Execute Capstone Flow">
<kw name="Go To" owner="SeleniumLibrary">
<msg time="2026-02-19T16:40:04.385683" level="INFO">Opening url 'https://practicesoftwaretesting.com/'</msg>
<arg>${URL}</arg>
<doc>Navigates the current browser window to the provided ``url``.</doc>
<status status="PASS" start="2026-02-19T16:40:04.385569" elapsed="1.635165"/>
</kw>
<kw name="Wait Until Element Is Visible" owner="SeleniumLibrary">
<arg>css:a[data-test='nav-sign-in']</arg>
<arg>15s</arg>
<doc>Waits until the element ``locator`` is visible.</doc>
<status status="PASS" start="2026-02-19T16:40:06.020947" elapsed="0.263680"/>
</kw>
<kw name="Click Element" owner="SeleniumLibrary">
<msg time="2026-02-19T16:40:06.285309" level="INFO">Clicking element 'css:a[data-test='nav-sign-in']'.</msg>
<arg>css:a[data-test='nav-sign-in']</arg>
<doc>Click the element identified by ``locator``.</doc>
<status status="PASS" start="2026-02-19T16:40:06.284907" elapsed="0.223192"/>
</kw>
<kw name="Wait Until Element Is Visible" owner="SeleniumLibrary">
<arg>id:email</arg>
<arg>10s</arg>
<doc>Waits until the element ``locator`` is visible.</doc>
<status status="PASS" start="2026-02-19T16:40:06.508340" elapsed="0.146378"/>
</kw>
<kw name="Input Text" owner="SeleniumLibrary">
<msg time="2026-02-19T16:40:06.655126" level="INFO">Typing text 'customer2@practicesoftwaretesting.com' into text field 'id:email'.</msg>
<arg>id:email</arg>
<arg>${email}</arg>
<doc>Types the given ``text`` into the text field identified by ``locator``.</doc>
<status status="PASS" start="2026-02-19T16:40:06.654885" elapsed="0.207886"/>
</kw>
<kw name="Input Text" owner="SeleniumLibrary">
<msg time="2026-02-19T16:40:06.864104" level="INFO">Typing text 'welcome01' into text field 'id:password'.</msg>
<arg>id:password</arg>
<arg>${password}</arg>
<doc>Types the given ``text`` into the text field identified by ``locator``.</doc>
<status status="PASS" start="2026-02-19T16:40:06.863089" elapsed="0.075542"/>
</kw>
<kw name="Click Button" owner="SeleniumLibrary">
<msg time="2026-02-19T16:40:06.940060" level="INFO">Clicking button 'css:input[data-test='login-submit']'.</msg>
<arg>css:input[data-test='login-submit']</arg>
<doc>Clicks the button identified by ``locator``.</doc>
<status status="PASS" start="2026-02-19T16:40:06.939735" elapsed="0.067235"/>
</kw>
<kw name="Wait Until Element Is Visible" owner="SeleniumLibrary">
<arg>css:a[data-test='nav-menu']</arg>
<arg>15s</arg>
<doc>Waits until the element ``locator`` is visible.</doc>
<status status="PASS" start="2026-02-19T16:40:07.007218" elapsed="4.393164"/>
</kw>
<kw name="Click Element" owner="SeleniumLibrary">
<msg time="2026-02-19T16:40:11.400894" level="INFO">Clicking element 'css:a[data-test='nav-home']'.</msg>
<arg>css:a[data-test='nav-home']</arg>
<doc>Click the element identified by ``locator``.</doc>
<status status="PASS" start="2026-02-19T16:40:11.400634" elapsed="0.265236"/>
</kw>
<kw name="Wait Until Element Is Visible" owner="SeleniumLibrary">
<arg>id:search-query</arg>
<arg>10s</arg>
<doc>Waits until the element ``locator`` is visible.</doc>
<status status="PASS" start="2026-02-19T16:40:11.666115" elapsed="0.027135"/>
</kw>
<kw name="Input Text" owner="SeleniumLibrary">
<msg time="2026-02-19T16:40:11.693700" level="INFO">Typing text 'Chisel' into text field 'id:search-query'.</msg>
<arg>id:search-query</arg>
<arg>${product}</arg>
<doc>Types the given ``text`` into the text field identified by ``locator``.</doc>
<status status="PASS" start="2026-02-19T16:40:11.693474" elapsed="0.158478"/>
</kw>
<kw name="Click Button" owner="SeleniumLibrary">
<msg time="2026-02-19T16:40:11.852304" level="INFO">Clicking button 'css:button[data-test='search-submit']'.</msg>
<arg>css:button[data-test='search-submit']</arg>
<doc>Clicks the button identified by ``locator``.</doc>
<status status="PASS" start="2026-02-19T16:40:11.852112" elapsed="0.106081"/>
</kw>
<kw name="Sleep" owner="BuiltIn">
<msg time="2026-02-19T16:40:13.958853" level="INFO">Slept 2 seconds.</msg>
<arg>2s</arg>
<doc>Pauses the test executed for the given time.</doc>
<status status="PASS" start="2026-02-19T16:40:11.958335" elapsed="2.000720"/>
</kw>
<kw name="Wait Until Element Is Visible" owner="SeleniumLibrary">
<arg>css:a.card</arg>
<arg>10s</arg>
<doc>Waits until the element ``locator`` is visible.</doc>
<status status="PASS" start="2026-02-19T16:40:13.959366" elapsed="0.032794"/>
</kw>
<kw name="Click Element" owner="SeleniumLibrary">
<msg time="2026-02-19T16:40:13.992518" level="INFO">Clicking element 'css:a.card'.</msg>
<arg>css:a.card</arg>
<doc>Click the element identified by ``locator``.</doc>
<status status="PASS" start="2026-02-19T16:40:13.992344" elapsed="0.072574"/>
</kw>
<kw name="Wait Until Element Is Visible" owner="SeleniumLibrary">
<arg>id:btn-add-to-cart</arg>
<arg>10s</arg>
<doc>Waits until the element ``locator`` is visible.</doc>
<status status="PASS" start="2026-02-19T16:40:14.065169" elapsed="2.867348"/>
</kw>
<kw name="Click Button" owner="SeleniumLibrary">
<msg time="2026-02-19T16:40:16.934625" level="INFO">Clicking button 'id:btn-add-to-cart'.</msg>
<arg>id:btn-add-to-cart</arg>
<doc>Clicks the button identified by ``locator``.</doc>
<status status="PASS" start="2026-02-19T16:40:16.933365" elapsed="0.103267"/>
</kw>
<kw name="Wait Until Element Is Visible" owner="SeleniumLibrary">
<arg>css:span[data-test='cart-quantity']</arg>
<arg>10s</arg>
<doc>Waits until the element ``locator`` is visible.</doc>
<status status="PASS" start="2026-02-19T16:40:17.036799" elapsed="5.380224"/>
</kw>
<kw name="Click Element" owner="SeleniumLibrary">
<msg time="2026-02-19T16:40:22.417556" level="INFO">Clicking element 'css:a[data-test='nav-cart']'.</msg>
<arg>css:a[data-test='nav-cart']</arg>
<doc>Click the element identified by ``locator``.</doc>
<status status="PASS" start="2026-02-19T16:40:22.417306" elapsed="0.088269"/>
</kw>
<kw name="Wait Until Element Is Visible" owner="SeleniumLibrary">
<arg>css:input[data-test='product-quantity']</arg>
<arg>10s</arg>
<doc>Waits until the element ``locator`` is visible.</doc>
<status status="PASS" start="2026-02-19T16:40:22.505751" elapsed="2.458314"/>
</kw>
<kw name="Clear Element Text" owner="SeleniumLibrary">
<arg>css:input[data-test='product-quantity']</arg>
<doc>Clears the value of the text-input-element identified by ``locator``.</doc>
<status status="PASS" start="2026-02-19T16:40:24.964319" elapsed="0.038297"/>
</kw>
<kw name="Input Text" owner="SeleniumLibrary">
<msg time="2026-02-19T16:40:25.002941" level="INFO">Typing text '3' into text field 'css:input[data-test='product-quantity']'.</msg>
<arg>css:input[data-test='product-quantity']</arg>
<arg>3</arg>
<doc>Types the given ``text`` into the text field identified by ``locator``.</doc>
<status status="PASS" start="2026-02-19T16:40:25.002767" elapsed="0.065406"/>
</kw>
<kw name="Click Element" owner="SeleniumLibrary">
<msg time="2026-02-19T16:40:25.068533" level="INFO">Clicking element 'css:a[data-test='nav-menu']'.</msg>
<arg>css:a[data-test='nav-menu']</arg>
<doc>Click the element identified by ``locator``.</doc>
<status status="PASS" start="2026-02-19T16:40:25.068353" elapsed="0.057718"/>
</kw>
<kw name="Wait Until Element Is Visible" owner="SeleniumLibrary">
<arg>css:a[data-test='nav-sign-out']</arg>
<arg>10s</arg>
<doc>Waits until the element ``locator`` is visible.</doc>
<status status="PASS" start="2026-02-19T16:40:25.126329" elapsed="0.016753"/>
</kw>
<kw name="Click Element" owner="SeleniumLibrary">
<msg time="2026-02-19T16:40:25.146106" level="INFO">Clicking element 'css:a[data-test='nav-sign-out']'.</msg>
<arg>css:a[data-test='nav-sign-out']</arg>
<doc>Click the element identified by ``locator``.</doc>
<status status="PASS" start="2026-02-19T16:40:25.143375" elapsed="0.513559"/>
</kw>
<arg>${email}</arg>
<arg>${password}</arg>
<arg>${product}</arg>
<status status="PASS" start="2026-02-19T16:40:04.385227" elapsed="21.271870"/>
</kw>
<arg>Execute Capstone Flow</arg>
<arg>${email}</arg>
<arg>${password}</arg>
<arg>${product}</arg>
<doc>Runs the given keyword with the given arguments and ignores possible error.</doc>
<status status="PASS" start="2026-02-19T16:40:04.384755" elapsed="21.272421"/>
</kw>
<kw name="Close Browser" owner="SeleniumLibrary">
<doc>Closes the current browser.</doc>
<status status="PASS" start="2026-02-19T16:40:25.657397" elapsed="2.372585"/>
</kw>
<arg>${email}</arg>
<arg>${password}</arg>
<arg>${product}</arg>
<status status="PASS" start="2026-02-19T16:40:02.202518" elapsed="25.827637"/>
</kw>
<arg>Run Scenario With Fresh Browser</arg>
<arg>${email}</arg>
<arg>${password}</arg>
<arg>${product}</arg>
<doc>Runs the keyword and continues execution even if a failure occurs.</doc>
<status status="PASS" start="2026-02-19T16:40:02.202198" elapsed="25.828041"/>
</kw>
<kw name="Log To Console" owner="BuiltIn">
<arg>Finished Scenario for: ${email} - SUCCESS</arg>
<doc>Logs the given message to the console.</doc>
<status status="PASS" start="2026-02-19T16:40:28.030411" elapsed="0.000692"/>
</kw>
<var name="${index}">2</var>
<status status="PASS" start="2026-02-19T16:40:02.199571" elapsed="25.831622"/>
</iter>
<iter>
<kw name="Get From List" owner="Collections">
<msg time="2026-02-19T16:40:28.031819" level="INFO">${line} = customer@practicesoftwaretesting.com,welcome01,Saw</msg>
<var>${line}</var>
<arg>${lines}</arg>
<arg>${index}</arg>
<doc>Returns the value specified with an ``index`` from ``list``.</doc>
<status status="PASS" start="2026-02-19T16:40:28.031561" elapsed="0.000290"/>
</kw>
<kw name="Split String" owner="String">
<msg time="2026-02-19T16:40:28.032188" level="INFO">@{data} = [ customer@practicesoftwaretesting.com | welcome01 | Saw ]</msg>
<var>@{data}</var>
<arg>${line}</arg>
<arg>separator=,</arg>
<doc>Splits the ``string`` using ``separator`` as a delimiter string.</doc>
<status status="PASS" start="2026-02-19T16:40:28.031961" elapsed="0.000256"/>
</kw>
<kw name="Get From List" owner="Collections">
<msg time="2026-02-19T16:40:28.032484" level="INFO">${email} = customer@practicesoftwaretesting.com</msg>
<var>${email}</var>
<arg>${data}</arg>
<arg>0</arg>
<doc>Returns the value specified with an ``index`` from ``list``.</doc>
<status status="PASS" start="2026-02-19T16:40:28.032318" elapsed="0.000193"/>
</kw>
<kw name="Get From List" owner="Collections">
<msg time="2026-02-19T16:40:28.032756" level="INFO">${password} = welcome01</msg>
<var>${password}</var>
<arg>${data}</arg>
<arg>1</arg>
<doc>Returns the value specified with an ``index`` from ``list``.</doc>
<status status="PASS" start="2026-02-19T16:40:28.032610" elapsed="0.000176"/>
</kw>
<kw name="Get From List" owner="Collections">
<msg time="2026-02-19T16:40:28.033054" level="INFO">${product} = Saw</msg>
<var>${product}</var>
<arg>${data}</arg>
<arg>2</arg>
<doc>Returns the value specified with an ``index`` from ``list``.</doc>
<status status="PASS" start="2026-02-19T16:40:28.032881" elapsed="0.000200"/>
</kw>
<kw name="Log To Console" owner="BuiltIn">
<arg>\nStarting Scenario for: ${email}</arg>
<doc>Logs the given message to the console.</doc>
<status status="PASS" start="2026-02-19T16:40:28.033178" elapsed="0.000526"/>
</kw>
<kw name="Run Keyword And Continue On Failure" owner="BuiltIn">
<kw name="Run Scenario With Fresh Browser">
<kw name="Open Toolshop">
<kw name="Evaluate" owner="BuiltIn">
<msg time="2026-02-19T16:40:28.035164" level="INFO">${options} = &lt;selenium.webdriver.chrome.options.Options object at 0x000001FB60EF6FD0&gt;</msg>
<var>${options}</var>
<arg>sys.modules['selenium.webdriver'].ChromeOptions()</arg>
<arg>sys</arg>
<doc>Evaluates the given expression in Python and returns the result.</doc>
<status status="PASS" start="2026-02-19T16:40:28.034894" elapsed="0.000293"/>
</kw>
<kw name="Call Method" owner="BuiltIn">
<arg>${options}</arg>
<arg>add_experimental_option</arg>
<arg>prefs</arg>
<arg>${{ {'credentials_enable_service': False, 'profile.password_manager_enabled': False, 'profile.password_manager_leak_detection': False} }}</arg>
<doc>Calls the named method of the given object with the provided arguments.</doc>
<status status="PASS" start="2026-02-19T16:40:28.035267" elapsed="0.000384"/>
</kw>
<kw name="Call Method" owner="BuiltIn">
<arg>${options}</arg>
<arg>add_argument</arg>
<arg>--disable-save-password-bubble</arg>
<doc>Calls the named method of the given object with the provided arguments.</doc>
<status status="PASS" start="2026-02-19T16:40:28.035735" elapsed="0.000192"/>
</kw>
<kw name="Call Method" owner="BuiltIn">
<arg>${options}</arg>
<arg>add_argument</arg>
<arg>--disable-notifications</arg>
<doc>Calls the named method of the given object with the provided arguments.</doc>
<status status="PASS" start="2026-02-19T16:40:28.036001" elapsed="0.000159"/>
</kw>
<kw name="Call Method" owner="BuiltIn">
<arg>${options}</arg>
<arg>add_argument</arg>
<arg>--no-sandbox</arg>
<doc>Calls the named method of the given object with the provided arguments.</doc>
<status status="PASS" start="2026-02-19T16:40:28.036232" elapsed="0.000148"/>
</kw>
<kw name="Create Webdriver" owner="SeleniumLibrary">
<msg time="2026-02-19T16:40:28.036567" level="INFO">Creating an instance of the Chrome WebDriver.</msg>
<arg>Chrome</arg>
<arg>options=${options}</arg>
<doc>Creates an instance of Selenium WebDriver.</doc>
<status status="PASS" start="2026-02-19T16:40:28.036454" elapsed="1.706300"/>
</kw>
<kw name="Set Window Size" owner="SeleniumLibrary">
<arg>1920</arg>
<arg>1080</arg>
<doc>Sets current windows size to given ``width`` and ``height``.</doc>
<status status="PASS" start="2026-02-19T16:40:29.743060" elapsed="0.377139"/>
</kw>
<kw name="Set Selenium Implicit Wait" owner="SeleniumLibrary">
<arg>10s</arg>
<doc>Sets the implicit wait value used by Selenium.</doc>
<status status="PASS" start="2026-02-19T16:40:30.120414" elapsed="0.001238"/>
</kw>
<status status="PASS" start="2026-02-19T16:40:28.034713" elapsed="2.087029"/>
</kw>
<kw name="Run Keyword And Ignore Error" owner="BuiltIn">
<kw name="Execute Capstone Flow">
<kw name="Go To" owner="SeleniumLibrary">
<msg time="2026-02-19T16:40:30.122567" level="INFO">Opening url 'https://practicesoftwaretesting.com/'</msg>
<arg>${URL}</arg>
<doc>Navigates the current browser window to the provided ``url``.</doc>
<status status="PASS" start="2026-02-19T16:40:30.122480" elapsed="1.854425"/>
</kw>
<kw name="Wait Until Element Is Visible" owner="SeleniumLibrary">
<arg>css:a[data-test='nav-sign-in']</arg>
<arg>15s</arg>
<doc>Waits until the element ``locator`` is visible.</doc>
<status status="PASS" start="2026-02-19T16:40:31.977249" elapsed="0.380001"/>
</kw>
<kw name="Click Element" owner="SeleniumLibrary">
<msg time="2026-02-19T16:40:32.357693" level="INFO">Clicking element 'css:a[data-test='nav-sign-in']'.</msg>
<arg>css:a[data-test='nav-sign-in']</arg>
<doc>Click the element identified by ``locator``.</doc>
<status status="PASS" start="2026-02-19T16:40:32.357451" elapsed="0.141346"/>
</kw>
<kw name="Wait Until Element Is Visible" owner="SeleniumLibrary">
<arg>id:email</arg>
<arg>10s</arg>
<doc>Waits until the element ``locator`` is visible.</doc>
<status status="PASS" start="2026-02-19T16:40:32.499074" elapsed="0.206516"/>
</kw>
<kw name="Input Text" owner="SeleniumLibrary">
<msg time="2026-02-19T16:40:32.705952" level="INFO">Typing text 'customer@practicesoftwaretesting.com' into text field 'id:email'.</msg>
<arg>id:email</arg>
<arg>${email}</arg>
<doc>Types the given ``text`` into the text field identified by ``locator``.</doc>
<status status="PASS" start="2026-02-19T16:40:32.705743" elapsed="0.171941"/>
</kw>
<kw name="Input Text" owner="SeleniumLibrary">
<msg time="2026-02-19T16:40:32.879618" level="INFO">Typing text 'welcome01' into text field 'id:password'.</msg>
<arg>id:password</arg>
<arg>${password}</arg>
<doc>Types the given ``text`` into the text field identified by ``locator``.</doc>
<status status="PASS" start="2026-02-19T16:40:32.878369" elapsed="0.096559"/>
</kw>
<kw name="Click Button" owner="SeleniumLibrary">
<msg time="2026-02-19T16:40:32.975354" level="INFO">Clicking button 'css:input[data-test='login-submit']'.</msg>
<arg>css:input[data-test='login-submit']</arg>
<doc>Clicks the button identified by ``locator``.</doc>
<status status="PASS" start="2026-02-19T16:40:32.975080" elapsed="0.092792"/>
</kw>
<kw name="Wait Until Element Is Visible" owner="SeleniumLibrary">
<arg>css:a[data-test='nav-menu']</arg>
<arg>15s</arg>
<doc>Waits until the element ``locator`` is visible.</doc>
<status status="PASS" start="2026-02-19T16:40:33.068018" elapsed="3.592845"/>
</kw>
<kw name="Click Element" owner="SeleniumLibrary">
<msg time="2026-02-19T16:40:36.661839" level="INFO">Clicking element 'css:a[data-test='nav-home']'.</msg>
<arg>css:a[data-test='nav-home']</arg>
<doc>Click the element identified by ``locator``.</doc>
<status status="PASS" start="2026-02-19T16:40:36.661421" elapsed="0.341863"/>
</kw>
<kw name="Wait Until Element Is Visible" owner="SeleniumLibrary">
<arg>id:search-query</arg>
<arg>10s</arg>
<doc>Waits until the element ``locator`` is visible.</doc>
<status status="PASS" start="2026-02-19T16:40:37.003602" elapsed="0.035238"/>
</kw>
<kw name="Input Text" owner="SeleniumLibrary">
<msg time="2026-02-19T16:40:37.039382" level="INFO">Typing text 'Saw' into text field 'id:search-query'.</msg>
<arg>id:search-query</arg>
<arg>${product}</arg>
<doc>Types the given ``text`` into the text field identified by ``locator``.</doc>
<status status="PASS" start="2026-02-19T16:40:37.039070" elapsed="0.100055"/>
</kw>
<kw name="Click Button" owner="SeleniumLibrary">
<msg time="2026-02-19T16:40:37.139442" level="INFO">Clicking button 'css:button[data-test='search-submit']'.</msg>
<arg>css:button[data-test='search-submit']</arg>
<doc>Clicks the button identified by ``locator``.</doc>
<status status="PASS" start="2026-02-19T16:40:37.139276" elapsed="0.142028"/>
</kw>
<kw name="Sleep" owner="BuiltIn">
<msg time="2026-02-19T16:40:39.282256" level="INFO">Slept 2 seconds.</msg>
<arg>2s</arg>
<doc>Pauses the test executed for the given time.</doc>
<status status="PASS" start="2026-02-19T16:40:37.281589" elapsed="2.001030"/>
</kw>
<kw name="Wait Until Element Is Visible" owner="SeleniumLibrary">
<msg time="2026-02-19T16:40:39.326310" level="INFO">Suppressing StaleElementReferenceException from Selenium.</msg>
<arg>css:a.card</arg>
<arg>10s</arg>
<doc>Waits until the element ``locator`` is visible.</doc>
<status status="PASS" start="2026-02-19T16:40:39.283075" elapsed="0.262364"/>
</kw>
<kw name="Click Element" owner="SeleniumLibrary">
<msg time="2026-02-19T16:40:39.545843" level="INFO">Clicking element 'css:a.card'.</msg>
<arg>css:a.card</arg>
<doc>Click the element identified by ``locator``.</doc>
<status status="PASS" start="2026-02-19T16:40:39.545651" elapsed="0.090052"/>
</kw>
<kw name="Wait Until Element Is Visible" owner="SeleniumLibrary">
<arg>id:btn-add-to-cart</arg>
<arg>10s</arg>
<doc>Waits until the element ``locator`` is visible.</doc>
<status status="PASS" start="2026-02-19T16:40:39.635847" elapsed="2.092602"/>
</kw>
<kw name="Click Button" owner="SeleniumLibrary">
<msg time="2026-02-19T16:40:41.729271" level="INFO">Clicking button 'id:btn-add-to-cart'.</msg>
<arg>id:btn-add-to-cart</arg>
<doc>Clicks the button identified by ``locator``.</doc>
<status status="PASS" start="2026-02-19T16:40:41.728905" elapsed="0.388491"/>
</kw>
<kw name="Wait Until Element Is Visible" owner="SeleniumLibrary">
<arg>css:span[data-test='cart-quantity']</arg>
<arg>10s</arg>
<doc>Waits until the element ``locator`` is visible.</doc>
<status status="PASS" start="2026-02-19T16:40:42.117637" elapsed="2.628369"/>
</kw>
<kw name="Click Element" owner="SeleniumLibrary">
<msg time="2026-02-19T16:40:44.746505" level="INFO">Clicking element 'css:a[data-test='nav-cart']'.</msg>
<arg>css:a[data-test='nav-cart']</arg>
<doc>Click the element identified by ``locator``.</doc>
<status status="PASS" start="2026-02-19T16:40:44.746187" elapsed="0.084399"/>
</kw>
<kw name="Wait Until Element Is Visible" owner="SeleniumLibrary">
<arg>css:input[data-test='product-quantity']</arg>
<arg>10s</arg>
<doc>Waits until the element ``locator`` is visible.</doc>
<status status="PASS" start="2026-02-19T16:40:44.830741" elapsed="2.690620"/>
</kw>
<kw name="Clear Element Text" owner="SeleniumLibrary">
<arg>css:input[data-test='product-quantity']</arg>
<doc>Clears the value of the text-input-element identified by ``locator``.</doc>
<status status="PASS" start="2026-02-19T16:40:47.521718" elapsed="0.063630"/>
</kw>
<kw name="Input Text" owner="SeleniumLibrary">
<msg time="2026-02-19T16:40:47.585870" level="INFO">Typing text '3' into text field 'css:input[data-test='product-quantity']'.</msg>
<arg>css:input[data-test='product-quantity']</arg>
<arg>3</arg>
<doc>Types the given ``text`` into the text field identified by ``locator``.</doc>
<status status="PASS" start="2026-02-19T16:40:47.585589" elapsed="0.102181"/>
</kw>
<kw name="Click Element" owner="SeleniumLibrary">
<msg time="2026-02-19T16:40:47.688474" level="INFO">Clicking element 'css:a[data-test='nav-menu']'.</msg>
<arg>css:a[data-test='nav-menu']</arg>
<doc>Click the element identified by ``locator``.</doc>
<status status="PASS" start="2026-02-19T16:40:47.688106" elapsed="0.151553"/>
</kw>
<kw name="Wait Until Element Is Visible" owner="SeleniumLibrary">
<arg>css:a[data-test='nav-sign-out']</arg>
<arg>10s</arg>
<doc>Waits until the element ``locator`` is visible.</doc>
<status status="PASS" start="2026-02-19T16:40:47.839909" elapsed="0.030218"/>
</kw>
<kw name="Click Element" owner="SeleniumLibrary">
<msg time="2026-02-19T16:40:47.870591" level="INFO">Clicking element 'css:a[data-test='nav-sign-out']'.</msg>
<arg>css:a[data-test='nav-sign-out']</arg>
<doc>Click the element identified by ``locator``.</doc>
<status status="PASS" start="2026-02-19T16:40:47.870341" elapsed="1.066071"/>
</kw>
<arg>${email}</arg>
<arg>${password}</arg>
<arg>${product}</arg>
<status status="PASS" start="2026-02-19T16:40:30.122227" elapsed="18.814403"/>
</kw>
<arg>Execute Capstone Flow</arg>
<arg>${email}</arg>
<arg>${password}</arg>
<arg>${product}</arg>
<doc>Runs the given keyword with the given arguments and ignores possible error.</doc>
<status status="PASS" start="2026-02-19T16:40:30.121868" elapsed="18.814850"/>
</kw>
<kw name="Close Browser" owner="SeleniumLibrary">
<doc>Closes the current browser.</doc>
<status status="PASS" start="2026-02-19T16:40:48.936935" elapsed="2.389703"/>
</kw>
<arg>${email}</arg>
<arg>${password}</arg>
<arg>${product}</arg>
<status status="PASS" start="2026-02-19T16:40:28.034355" elapsed="23.292496"/>
</kw>
<arg>Run Scenario With Fresh Browser</arg>
<arg>${email}</arg>
<arg>${password}</arg>
<arg>${product}</arg>
<doc>Runs the keyword and continues execution even if a failure occurs.</doc>
<status status="PASS" start="2026-02-19T16:40:28.033977" elapsed="23.292951"/>
</kw>
<kw name="Log To Console" owner="BuiltIn">
<arg>Finished Scenario for: ${email} - SUCCESS</arg>
<doc>Logs the given message to the console.</doc>
<status status="PASS" start="2026-02-19T16:40:51.327117" elapsed="0.000632"/>
</kw>
<var name="${index}">3</var>
<status status="PASS" start="2026-02-19T16:40:28.031435" elapsed="23.296402"/>
</iter>
<iter>
<kw name="Get From List" owner="Collections">
<msg time="2026-02-19T16:40:51.328446" level="INFO">${line} = customer2@practicesoftwaretesting.com,welcome01,Hammer</msg>
<var>${line}</var>
<arg>${lines}</arg>
<arg>${index}</arg>
<doc>Returns the value specified with an ``index`` from ``list``.</doc>
<status status="PASS" start="2026-02-19T16:40:51.328194" elapsed="0.000287"/>
</kw>
<kw name="Split String" owner="String">
<msg time="2026-02-19T16:40:51.328864" level="INFO">@{data} = [ customer2@practicesoftwaretesting.com | welcome01 | Hammer ]</msg>
<var>@{data}</var>
<arg>${line}</arg>
<arg>separator=,</arg>
<doc>Splits the ``string`` using ``separator`` as a delimiter string.</doc>
<status status="PASS" start="2026-02-19T16:40:51.328604" elapsed="0.000294"/>
</kw>
<kw name="Get From List" owner="Collections">
<msg time="2026-02-19T16:40:51.329193" level="INFO">${email} = customer2@practicesoftwaretesting.com</msg>
<var>${email}</var>
<arg>${data}</arg>
<arg>0</arg>
<doc>Returns the value specified with an ``index`` from ``list``.</doc>
<status status="PASS" start="2026-02-19T16:40:51.329018" elapsed="0.000204"/>
</kw>
<kw name="Get From List" owner="Collections">
<msg time="2026-02-19T16:40:51.329495" level="INFO">${password} = welcome01</msg>
<var>${password}</var>
<arg>${data}</arg>
<arg>1</arg>
<doc>Returns the value specified with an ``index`` from ``list``.</doc>
<status status="PASS" start="2026-02-19T16:40:51.329334" elapsed="0.000193"/>
</kw>
<kw name="Get From List" owner="Collections">
<msg time="2026-02-19T16:40:51.329808" level="INFO">${product} = Hammer</msg>
<var>${product}</var>
<arg>${data}</arg>
<arg>2</arg>
<doc>Returns the value specified with an ``index`` from ``list``.</doc>
<status status="PASS" start="2026-02-19T16:40:51.329634" elapsed="0.000201"/>
</kw>
<kw name="Log To Console" owner="BuiltIn">
<arg>\nStarting Scenario for: ${email}</arg>
<doc>Logs the given message to the console.</doc>
<status status="PASS" start="2026-02-19T16:40:51.329940" elapsed="0.000426"/>
</kw>
<kw name="Run Keyword And Continue On Failure" owner="BuiltIn">
<kw name="Run Scenario With Fresh Browser">
<kw name="Open Toolshop">
<kw name="Evaluate" owner="BuiltIn">
<msg time="2026-02-19T16:40:51.331830" level="INFO">${options} = &lt;selenium.webdriver.chrome.options.Options object at 0x000001FB60E8B6F0&gt;</msg>
<var>${options}</var>
<arg>sys.modules['selenium.webdriver'].ChromeOptions()</arg>
<arg>sys</arg>
<doc>Evaluates the given expression in Python and returns the result.</doc>
<status status="PASS" start="2026-02-19T16:40:51.331413" elapsed="0.000468"/>
</kw>
<kw name="Call Method" owner="BuiltIn">
<arg>${options}</arg>
<arg>add_experimental_option</arg>
<arg>prefs</arg>
<arg>${{ {'credentials_enable_service': False, 'profile.password_manager_enabled': False, 'profile.password_manager_leak_detection': False} }}</arg>
<doc>Calls the named method of the given object with the provided arguments.</doc>
<status status="PASS" start="2026-02-19T16:40:51.332004" elapsed="0.000571"/>
</kw>
<kw name="Call Method" owner="BuiltIn">
<arg>${options}</arg>
<arg>add_argument</arg>
<arg>--disable-save-password-bubble</arg>
<doc>Calls the named method of the given object with the provided arguments.</doc>
<status status="PASS" start="2026-02-19T16:40:51.332696" elapsed="0.000266"/>
</kw>
<kw name="Call Method" owner="BuiltIn">
<arg>${options}</arg>
<arg>add_argument</arg>
<arg>--disable-notifications</arg>
<doc>Calls the named method of the given object with the provided arguments.</doc>
<status status="PASS" start="2026-02-19T16:40:51.333062" elapsed="0.000172"/>
</kw>
<kw name="Call Method" owner="BuiltIn">
<arg>${options}</arg>
<arg>add_argument</arg>
<arg>--no-sandbox</arg>
<doc>Calls the named method of the given object with the provided arguments.</doc>
<status status="PASS" start="2026-02-19T16:40:51.333307" elapsed="0.000158"/>
</kw>
<kw name="Create Webdriver" owner="SeleniumLibrary">
<msg time="2026-02-19T16:40:51.333675" level="INFO">Creating an instance of the Chrome WebDriver.</msg>
<arg>Chrome</arg>
<arg>options=${options}</arg>
<doc>Creates an instance of Selenium WebDriver.</doc>
<status status="PASS" start="2026-02-19T16:40:51.333552" elapsed="2.937062"/>
</kw>
<kw name="Set Window Size" owner="SeleniumLibrary">
<arg>1920</arg>
<arg>1080</arg>
<doc>Sets current windows size to given ``width`` and ``height``.</doc>
<status status="PASS" start="2026-02-19T16:40:54.270991" elapsed="0.400514"/>
</kw>
<kw name="Set Selenium Implicit Wait" owner="SeleniumLibrary">
<arg>10s</arg>
<doc>Sets the implicit wait value used by Selenium.</doc>
<status status="PASS" start="2026-02-19T16:40:54.671683" elapsed="0.001571"/>
</kw>
<status status="PASS" start="2026-02-19T16:40:51.331190" elapsed="3.342168"/>
</kw>
<kw name="Run Keyword And Ignore Error" owner="BuiltIn">
<kw name="Execute Capstone Flow">
<kw name="Go To" owner="SeleniumLibrary">
<msg time="2026-02-19T16:40:54.674426" level="INFO">Opening url 'https://practicesoftwaretesting.com/'</msg>
<arg>${URL}</arg>
<doc>Navigates the current browser window to the provided ``url``.</doc>
<status status="PASS" start="2026-02-19T16:40:54.674322" elapsed="0.820392"/>
</kw>
<kw name="Wait Until Element Is Visible" owner="SeleniumLibrary">
<arg>css:a[data-test='nav-sign-in']</arg>
<arg>15s</arg>
<doc>Waits until the element ``locator`` is visible.</doc>
<status status="PASS" start="2026-02-19T16:40:55.495006" elapsed="1.069881"/>
</kw>
<kw name="Click Element" owner="SeleniumLibrary">
<msg time="2026-02-19T16:40:56.565329" level="INFO">Clicking element 'css:a[data-test='nav-sign-in']'.</msg>
<arg>css:a[data-test='nav-sign-in']</arg>
<doc>Click the element identified by ``locator``.</doc>
<status status="PASS" start="2026-02-19T16:40:56.565099" elapsed="0.131479"/>
</kw>
<kw name="Wait Until Element Is Visible" owner="SeleniumLibrary">
<arg>id:email</arg>
<arg>10s</arg>
<doc>Waits until the element ``locator`` is visible.</doc>
<status status="PASS" start="2026-02-19T16:40:56.696883" elapsed="0.153394"/>
</kw>
<kw name="Input Text" owner="SeleniumLibrary">
<msg time="2026-02-19T16:40:56.850811" level="INFO">Typing text 'customer2@practicesoftwaretesting.com' into text field 'id:email'.</msg>
<arg>id:email</arg>
<arg>${email}</arg>
<doc>Types the given ``text`` into the text field identified by ``locator``.</doc>
<status status="PASS" start="2026-02-19T16:40:56.850506" elapsed="0.206159"/>
</kw>
<kw name="Input Text" owner="SeleniumLibrary">
<msg time="2026-02-19T16:40:57.057308" level="INFO">Typing text 'welcome01' into text field 'id:password'.</msg>
<arg>id:password</arg>
<arg>${password}</arg>
<doc>Types the given ``text`` into the text field identified by ``locator``.</doc>
<status status="PASS" start="2026-02-19T16:40:57.056963" elapsed="0.092735"/>
</kw>
<kw name="Click Button" owner="SeleniumLibrary">
<msg time="2026-02-19T16:40:57.150035" level="INFO">Clicking button 'css:input[data-test='login-submit']'.</msg>
<arg>css:input[data-test='login-submit']</arg>
<doc>Clicks the button identified by ``locator``.</doc>
<status status="PASS" start="2026-02-19T16:40:57.149849" elapsed="0.065715"/>
</kw>
<kw name="Wait Until Element Is Visible" owner="SeleniumLibrary">
<arg>css:a[data-test='nav-menu']</arg>
<arg>15s</arg>
<doc>Waits until the element ``locator`` is visible.</doc>
<status status="PASS" start="2026-02-19T16:40:57.215739" elapsed="4.104283"/>
</kw>
<kw name="Click Element" owner="SeleniumLibrary">
<msg time="2026-02-19T16:41:01.321013" level="INFO">Clicking element 'css:a[data-test='nav-home']'.</msg>
<arg>css:a[data-test='nav-home']</arg>
<doc>Click the element identified by ``locator``.</doc>
<status status="PASS" start="2026-02-19T16:41:01.320555" elapsed="0.559335"/>
</kw>
<kw name="Wait Until Element Is Visible" owner="SeleniumLibrary">
<arg>id:search-query</arg>
<arg>10s</arg>
<doc>Waits until the element ``locator`` is visible.</doc>
<status status="PASS" start="2026-02-19T16:41:01.880578" elapsed="0.059739"/>
</kw>
<kw name="Input Text" owner="SeleniumLibrary">
<msg time="2026-02-19T16:41:01.941073" level="INFO">Typing text 'Hammer' into text field 'id:search-query'.</msg>
<arg>id:search-query</arg>
<arg>${product}</arg>
<doc>Types the given ``text`` into the text field identified by ``locator``.</doc>
<status status="PASS" start="2026-02-19T16:41:01.940624" elapsed="0.139290"/>
</kw>
<kw name="Click Button" owner="SeleniumLibrary">
<msg time="2026-02-19T16:41:02.081530" level="INFO">Clicking button 'css:button[data-test='search-submit']'.</msg>
<arg>css:button[data-test='search-submit']</arg>
<doc>Clicks the button identified by ``locator``.</doc>
<status status="PASS" start="2026-02-19T16:41:02.080864" elapsed="0.189894"/>
</kw>
<kw name="Sleep" owner="BuiltIn">
<msg time="2026-02-19T16:41:04.271670" level="INFO">Slept 2 seconds.</msg>
<arg>2s</arg>
<doc>Pauses the test executed for the given time.</doc>
<status status="PASS" start="2026-02-19T16:41:02.270986" elapsed="2.000968"/>
</kw>
<kw name="Wait Until Element Is Visible" owner="SeleniumLibrary">
<arg>css:a.card</arg>
<arg>10s</arg>
<doc>Waits until the element ``locator`` is visible.</doc>
<status status="PASS" start="2026-02-19T16:41:04.272296" elapsed="0.083715"/>
</kw>
<kw name="Click Element" owner="SeleniumLibrary">
<msg time="2026-02-19T16:41:04.356347" level="INFO">Clicking element 'css:a.card'.</msg>
<arg>css:a.card</arg>
<doc>Click the element identified by ``locator``.</doc>
<status status="PASS" start="2026-02-19T16:41:04.356179" elapsed="0.396645"/>
</kw>
<kw name="Wait Until Element Is Visible" owner="SeleniumLibrary">
<arg>id:btn-add-to-cart</arg>
<arg>10s</arg>
<doc>Waits until the element ``locator`` is visible.</doc>
<status status="PASS" start="2026-02-19T16:41:04.753049" elapsed="2.026587"/>
</kw>
<kw name="Click Button" owner="SeleniumLibrary">
<msg time="2026-02-19T16:41:06.780425" level="INFO">Clicking button 'id:btn-add-to-cart'.</msg>
<arg>id:btn-add-to-cart</arg>
<doc>Clicks the button identified by ``locator``.</doc>
<status status="PASS" start="2026-02-19T16:41:06.780065" elapsed="0.111170"/>
</kw>
<kw name="Wait Until Element Is Visible" owner="SeleniumLibrary">
<arg>css:span[data-test='cart-quantity']</arg>
<arg>10s</arg>
<doc>Waits until the element ``locator`` is visible.</doc>
<status status="PASS" start="2026-02-19T16:41:06.891679" elapsed="4.222952"/>
</kw>
<kw name="Click Element" owner="SeleniumLibrary">
<msg time="2026-02-19T16:41:11.115204" level="INFO">Clicking element 'css:a[data-test='nav-cart']'.</msg>
<arg>css:a[data-test='nav-cart']</arg>
<doc>Click the element identified by ``locator``.</doc>
<status status="PASS" start="2026-02-19T16:41:11.114895" elapsed="0.103601"/>
</kw>
<kw name="Wait Until Element Is Visible" owner="SeleniumLibrary">
<arg>css:input[data-test='product-quantity']</arg>
<arg>10s</arg>
<doc>Waits until the element ``locator`` is visible.</doc>
<status status="PASS" start="2026-02-19T16:41:11.218744" elapsed="1.554813"/>
</kw>
<kw name="Clear Element Text" owner="SeleniumLibrary">
<arg>css:input[data-test='product-quantity']</arg>
<doc>Clears the value of the text-input-element identified by ``locator``.</doc>
<status status="PASS" start="2026-02-19T16:41:12.773714" elapsed="0.049379"/>
</kw>
<kw name="Input Text" owner="SeleniumLibrary">
<msg time="2026-02-19T16:41:12.824378" level="INFO">Typing text '3' into text field 'css:input[data-test='product-quantity']'.</msg>
<arg>css:input[data-test='product-quantity']</arg>
<arg>3</arg>
<doc>Types the given ``text`` into the text field identified by ``locator``.</doc>
<status status="PASS" start="2026-02-19T16:41:12.824002" elapsed="0.094307"/>
</kw>
<kw name="Click Element" owner="SeleniumLibrary">
<msg time="2026-02-19T16:41:12.918842" level="INFO">Clicking element 'css:a[data-test='nav-menu']'.</msg>
<arg>css:a[data-test='nav-menu']</arg>
<doc>Click the element identified by ``locator``.</doc>
<status status="PASS" start="2026-02-19T16:41:12.918565" elapsed="0.382984"/>
</kw>
<kw name="Wait Until Element Is Visible" owner="SeleniumLibrary">
<arg>css:a[data-test='nav-sign-out']</arg>
<arg>10s</arg>
<doc>Waits until the element ``locator`` is visible.</doc>
<status status="PASS" start="2026-02-19T16:41:13.301803" elapsed="0.029815"/>
</kw>
<kw name="Click Element" owner="SeleniumLibrary">
<msg time="2026-02-19T16:41:13.332104" level="INFO">Clicking element 'css:a[data-test='nav-sign-out']'.</msg>
<arg>css:a[data-test='nav-sign-out']</arg>
<doc>Click the element identified by ``locator``.</doc>
<status status="PASS" start="2026-02-19T16:41:13.331854" elapsed="1.704171"/>
</kw>
<arg>${email}</arg>
<arg>${password}</arg>
<arg>${product}</arg>
<status status="PASS" start="2026-02-19T16:40:54.674025" elapsed="20.362239"/>
</kw>
<arg>Execute Capstone Flow</arg>
<arg>${email}</arg>
<arg>${password}</arg>
<arg>${product}</arg>
<doc>Runs the given keyword with the given arguments and ignores possible error.</doc>
<status status="PASS" start="2026-02-19T16:40:54.673506" elapsed="20.362894"/>
</kw>
<kw name="Close Browser" owner="SeleniumLibrary">
<doc>Closes the current browser.</doc>
<status status="PASS" start="2026-02-19T16:41:15.036744" elapsed="2.795141"/>
</kw>
<arg>${email}</arg>
<arg>${password}</arg>
<arg>${product}</arg>
<status status="PASS" start="2026-02-19T16:40:51.330778" elapsed="26.501301"/>
</kw>
<arg>Run Scenario With Fresh Browser</arg>
<arg>${email}</arg>
<arg>${password}</arg>
<arg>${product}</arg>
<doc>Runs the keyword and continues execution even if a failure occurs.</doc>
<status status="PASS" start="2026-02-19T16:40:51.330494" elapsed="26.501681"/>
</kw>
<kw name="Log To Console" owner="BuiltIn">
<arg>Finished Scenario for: ${email} - SUCCESS</arg>
<doc>Logs the given message to the console.</doc>
<status status="PASS" start="2026-02-19T16:41:17.832435" elapsed="0.000865"/>
</kw>
<var name="${index}">4</var>
<status status="PASS" start="2026-02-19T16:40:51.328062" elapsed="26.505412"/>
</iter>
<iter>
<kw name="Get From List" owner="Collections">
<msg time="2026-02-19T16:41:17.834431" level="INFO">${line} = customer@practicesoftwaretesting.com,welcome01,Tape Measure</msg>
<var>${line}</var>
<arg>${lines}</arg>
<arg>${index}</arg>
<doc>Returns the value specified with an ``index`` from ``list``.</doc>
<status status="PASS" start="2026-02-19T16:41:17.834031" elapsed="0.000454"/>
</kw>
<kw name="Split String" owner="String">
<msg time="2026-02-19T16:41:17.834983" level="INFO">@{data} = [ customer@practicesoftwaretesting.com | welcome01 | Tape Measure ]</msg>
<var>@{data}</var>
<arg>${line}</arg>
<arg>separator=,</arg>
<doc>Splits the ``string`` using ``separator`` as a delimiter string.</doc>
<status status="PASS" start="2026-02-19T16:41:17.834651" elapsed="0.000372"/>
</kw>
<kw name="Get From List" owner="Collections">
<msg time="2026-02-19T16:41:17.835400" level="INFO">${email} = customer@practicesoftwaretesting.com</msg>
<var>${email}</var>
<arg>${data}</arg>
<arg>0</arg>
<doc>Returns the value specified with an ``index`` from ``list``.</doc>
<status status="PASS" start="2026-02-19T16:41:17.835173" elapsed="0.000263"/>
</kw>
<kw name="Get From List" owner="Collections">
<msg time="2026-02-19T16:41:17.835779" level="INFO">${password} = welcome01</msg>
<var>${password}</var>
<arg>${data}</arg>
<arg>1</arg>
<doc>Returns the value specified with an ``index`` from ``list``.</doc>
<status status="PASS" start="2026-02-19T16:41:17.835574" elapsed="0.000242"/>
</kw>
<kw name="Get From List" owner="Collections">
<msg time="2026-02-19T16:41:17.836151" level="INFO">${product} = Tape Measure</msg>
<var>${product}</var>
<arg>${data}</arg>
<arg>2</arg>
<doc>Returns the value specified with an ``index`` from ``list``.</doc>
<status status="PASS" start="2026-02-19T16:41:17.835950" elapsed="0.000237"/>
</kw>
<kw name="Log To Console" owner="BuiltIn">
<arg>\nStarting Scenario for: ${email}</arg>
<doc>Logs the given message to the console.</doc>
<status status="PASS" start="2026-02-19T16:41:17.836329" elapsed="0.000622"/>
</kw>
<kw name="Run Keyword And Continue On Failure" owner="BuiltIn">
<kw name="Run Scenario With Fresh Browser">
<kw name="Open Toolshop">
<kw name="Evaluate" owner="BuiltIn">
<msg time="2026-02-19T16:41:17.838737" level="INFO">${options} = &lt;selenium.webdriver.chrome.options.Options object at 0x000001FB60E8BCE0&gt;</msg>
<var>${options}</var>
<arg>sys.modules['selenium.webdriver'].ChromeOptions()</arg>
<arg>sys</arg>
<doc>Evaluates the given expression in Python and returns the result.</doc>
<status status="PASS" start="2026-02-19T16:41:17.838334" elapsed="0.000440"/>
</kw>
<kw name="Call Method" owner="BuiltIn">
<arg>${options}</arg>
<arg>add_experimental_option</arg>
<arg>prefs</arg>
<arg>${{ {'credentials_enable_service': False, 'profile.password_manager_enabled': False, 'profile.password_manager_leak_detection': False} }}</arg>
<doc>Calls the named method of the given object with the provided arguments.</doc>
<status status="PASS" start="2026-02-19T16:41:17.838895" elapsed="0.000607"/>
</kw>
<kw name="Call Method" owner="BuiltIn">
<arg>${options}</arg>
<arg>add_argument</arg>
<arg>--disable-save-password-bubble</arg>
<doc>Calls the named method of the given object with the provided arguments.</doc>
<status status="PASS" start="2026-02-19T16:41:17.839660" elapsed="0.000285"/>
</kw>
<kw name="Call Method" owner="BuiltIn">
<arg>${options}</arg>
<arg>add_argument</arg>
<arg>--disable-notifications</arg>
<doc>Calls the named method of the given object with the provided arguments.</doc>
<status status="PASS" start="2026-02-19T16:41:17.840063" elapsed="0.000254"/>
</kw>
<kw name="Call Method" owner="BuiltIn">
<arg>${options}</arg>
<arg>add_argument</arg>
<arg>--no-sandbox</arg>
<doc>Calls the named method of the given object with the provided arguments.</doc>
<status status="PASS" start="2026-02-19T16:41:17.840429" elapsed="0.000258"/>
</kw>
<kw name="Create Webdriver" owner="SeleniumLibrary">
<msg time="2026-02-19T16:41:17.840965" level="INFO">Creating an instance of the Chrome WebDriver.</msg>
<arg>Chrome</arg>
<arg>options=${options}</arg>
<doc>Creates an instance of Selenium WebDriver.</doc>
<status status="PASS" start="2026-02-19T16:41:17.840817" elapsed="1.743053"/>
</kw>
<kw name="Set Window Size" owner="SeleniumLibrary">
<arg>1920</arg>
<arg>1080</arg>
<doc>Sets current windows size to given ``width`` and ``height``.</doc>
<status status="PASS" start="2026-02-19T16:41:19.584111" elapsed="0.400852"/>
</kw>
<kw name="Set Selenium Implicit Wait" owner="SeleniumLibrary">
<arg>10s</arg>
<doc>Sets the implicit wait value used by Selenium.</doc>
<status status="PASS" start="2026-02-19T16:41:19.985221" elapsed="0.002364"/>
</kw>
<status status="PASS" start="2026-02-19T16:41:17.838109" elapsed="2.149624"/>
</kw>
<kw name="Run Keyword And Ignore Error" owner="BuiltIn">
<kw name="Execute Capstone Flow">
<kw name="Go To" owner="SeleniumLibrary">
<msg time="2026-02-19T16:41:19.989123" level="INFO">Opening url 'https://practicesoftwaretesting.com/'</msg>
<arg>${URL}</arg>
<doc>Navigates the current browser window to the provided ``url``.</doc>
<status status="PASS" start="2026-02-19T16:41:19.988961" elapsed="2.862965"/>
</kw>
<kw name="Wait Until Element Is Visible" owner="SeleniumLibrary">
<arg>css:a[data-test='nav-sign-in']</arg>
<arg>15s</arg>
<doc>Waits until the element ``locator`` is visible.</doc>
<status status="PASS" start="2026-02-19T16:41:22.852129" elapsed="0.222612"/>
</kw>
<kw name="Click Element" owner="SeleniumLibrary">
<msg time="2026-02-19T16:41:23.075382" level="INFO">Clicking element 'css:a[data-test='nav-sign-in']'.</msg>
<arg>css:a[data-test='nav-sign-in']</arg>
<doc>Click the element identified by ``locator``.</doc>
<status status="PASS" start="2026-02-19T16:41:23.075123" elapsed="0.190769"/>
</kw>
<kw name="Wait Until Element Is Visible" owner="SeleniumLibrary">
<arg>id:email</arg>
<arg>10s</arg>
<doc>Waits until the element ``locator`` is visible.</doc>
<status status="PASS" start="2026-02-19T16:41:23.266058" elapsed="0.179471"/>
</kw>
<kw name="Input Text" owner="SeleniumLibrary">
<msg time="2026-02-19T16:41:23.447673" level="INFO">Typing text 'customer@practicesoftwaretesting.com' into text field 'id:email'.</msg>
<arg>id:email</arg>
<arg>${email}</arg>
<doc>Types the given ``text`` into the text field identified by ``locator``.</doc>
<status status="PASS" start="2026-02-19T16:41:23.446142" elapsed="0.187593"/>
</kw>
<kw name="Input Text" owner="SeleniumLibrary">
<msg time="2026-02-19T16:41:23.634402" level="INFO">Typing text 'welcome01' into text field 'id:password'.</msg>
<arg>id:password</arg>
<arg>${password}</arg>
<doc>Types the given ``text`` into the text field identified by ``locator``.</doc>
<status status="PASS" start="2026-02-19T16:41:23.634032" elapsed="0.168458"/>
</kw>
<kw name="Click Button" owner="SeleniumLibrary">
<msg time="2026-02-19T16:41:23.803494" level="INFO">Clicking button 'css:input[data-test='login-submit']'.</msg>
<arg>css:input[data-test='login-submit']</arg>
<doc>Clicks the button identified by ``locator``.</doc>
<status status="PASS" start="2026-02-19T16:41:23.802729" elapsed="0.069007"/>
</kw>
<kw name="Wait Until Element Is Visible" owner="SeleniumLibrary">
<arg>css:a[data-test='nav-menu']</arg>
<arg>15s</arg>
<doc>Waits until the element ``locator`` is visible.</doc>
<status status="PASS" start="2026-02-19T16:41:23.871884" elapsed="7.961991"/>
</kw>
<kw name="Click Element" owner="SeleniumLibrary">
<msg time="2026-02-19T16:41:31.836944" level="INFO">Clicking element 'css:a[data-test='nav-home']'.</msg>
<arg>css:a[data-test='nav-home']</arg>
<doc>Click the element identified by ``locator``.</doc>
<status status="PASS" start="2026-02-19T16:41:31.836243" elapsed="0.251094"/>
</kw>
<kw name="Wait Until Element Is Visible" owner="SeleniumLibrary">
<arg>id:search-query</arg>
<arg>10s</arg>
<doc>Waits until the element ``locator`` is visible.</doc>
<status status="PASS" start="2026-02-19T16:41:32.087613" elapsed="0.032771"/>
</kw>
<kw name="Input Text" owner="SeleniumLibrary">
<msg time="2026-02-19T16:41:32.120730" level="INFO">Typing text 'Tape Measure' into text field 'id:search-query'.</msg>
<arg>id:search-query</arg>
<arg>${product}</arg>
<doc>Types the given ``text`` into the text field identified by ``locator``.</doc>
<status status="PASS" start="2026-02-19T16:41:32.120533" elapsed="0.131748"/>
</kw>
<kw name="Click Button" owner="SeleniumLibrary">
<msg time="2026-02-19T16:41:32.252678" level="INFO">Clicking button 'css:button[data-test='search-submit']'.</msg>
<arg>css:button[data-test='search-submit']</arg>
<doc>Clicks the button identified by ``locator``.</doc>
<status status="PASS" start="2026-02-19T16:41:32.252493" elapsed="0.098804"/>
</kw>
<kw name="Sleep" owner="BuiltIn">
<msg time="2026-02-19T16:41:34.352500" level="INFO">Slept 2 seconds.</msg>
<arg>2s</arg>
<doc>Pauses the test executed for the given time.</doc>
<status status="PASS" start="2026-02-19T16:41:32.351507" elapsed="2.001114"/>
</kw>
<kw name="Wait Until Element Is Visible" owner="SeleniumLibrary">
<arg>css:a.card</arg>
<arg>10s</arg>
<doc>Waits until the element ``locator`` is visible.</doc>
<status status="PASS" start="2026-02-19T16:41:34.352820" elapsed="0.013798"/>
</kw>
<kw name="Click Element" owner="SeleniumLibrary">
<msg time="2026-02-19T16:41:34.366930" level="INFO">Clicking element 'css:a.card'.</msg>
<arg>css:a.card</arg>
<doc>Click the element identified by ``locator``.</doc>
<status status="PASS" start="2026-02-19T16:41:34.366766" elapsed="0.075637"/>
</kw>
<kw name="Wait Until Element Is Visible" owner="SeleniumLibrary">
<arg>id:btn-add-to-cart</arg>
<arg>10s</arg>
<doc>Waits until the element ``locator`` is visible.</doc>
<status status="PASS" start="2026-02-19T16:41:34.442633" elapsed="2.046437"/>
</kw>
<kw name="Click Button" owner="SeleniumLibrary">
<msg time="2026-02-19T16:41:36.492514" level="INFO">Clicking button 'id:btn-add-to-cart'.</msg>
<arg>id:btn-add-to-cart</arg>
<doc>Clicks the button identified by ``locator``.</doc>
<status status="PASS" start="2026-02-19T16:41:36.490148" elapsed="0.132029"/>
</kw>
<kw name="Wait Until Element Is Visible" owner="SeleniumLibrary">
<arg>css:span[data-test='cart-quantity']</arg>
<arg>10s</arg>
<doc>Waits until the element ``locator`` is visible.</doc>
<status status="PASS" start="2026-02-19T16:41:36.622423" elapsed="3.095650"/>
</kw>
<kw name="Click Element" owner="SeleniumLibrary">
<msg time="2026-02-19T16:41:39.718413" level="INFO">Clicking element 'css:a[data-test='nav-cart']'.</msg>
<arg>css:a[data-test='nav-cart']</arg>
<doc>Click the element identified by ``locator``.</doc>
<status status="PASS" start="2026-02-19T16:41:39.718246" elapsed="0.066426"/>
</kw>
<kw name="Wait Until Element Is Visible" owner="SeleniumLibrary">
<arg>css:input[data-test='product-quantity']</arg>
<arg>10s</arg>
<doc>Waits until the element ``locator`` is visible.</doc>
<status status="PASS" start="2026-02-19T16:41:39.784867" elapsed="2.081493"/>
</kw>
<kw name="Clear Element Text" owner="SeleniumLibrary">
<arg>css:input[data-test='product-quantity']</arg>
<doc>Clears the value of the text-input-element identified by ``locator``.</doc>
<status status="PASS" start="2026-02-19T16:41:41.866523" elapsed="0.038738"/>
</kw>
<kw name="Input Text" owner="SeleniumLibrary">
<msg time="2026-02-19T16:41:41.905636" level="INFO">Typing text '3' into text field 'css:input[data-test='product-quantity']'.</msg>
<arg>css:input[data-test='product-quantity']</arg>
<arg>3</arg>
<doc>Types the given ``text`` into the text field identified by ``locator``.</doc>
<status status="PASS" start="2026-02-19T16:41:41.905454" elapsed="0.078085"/>
</kw>
<kw name="Click Element" owner="SeleniumLibrary">
<msg time="2026-02-19T16:41:41.984184" level="INFO">Clicking element 'css:a[data-test='nav-menu']'.</msg>
<arg>css:a[data-test='nav-menu']</arg>
<doc>Click the element identified by ``locator``.</doc>
<status status="PASS" start="2026-02-19T16:41:41.983892" elapsed="0.081286"/>
</kw>
<kw name="Wait Until Element Is Visible" owner="SeleniumLibrary">
<arg>css:a[data-test='nav-sign-out']</arg>
<arg>10s</arg>
<doc>Waits until the element ``locator`` is visible.</doc>
<status status="PASS" start="2026-02-19T16:41:42.065429" elapsed="0.020584"/>
</kw>
<kw name="Click Element" owner="SeleniumLibrary">
<msg time="2026-02-19T16:41:42.086356" level="INFO">Clicking element 'css:a[data-test='nav-sign-out']'.</msg>
<arg>css:a[data-test='nav-sign-out']</arg>
<doc>Click the element identified by ``locator``.</doc>
<status status="PASS" start="2026-02-19T16:41:42.086180" elapsed="0.903268"/>
</kw>
<arg>${email}</arg>
<arg>${password}</arg>
<arg>${product}</arg>
<status status="PASS" start="2026-02-19T16:41:19.988519" elapsed="23.001043"/>
</kw>
<arg>Execute Capstone Flow</arg>
<arg>${email}</arg>
<arg>${password}</arg>
<arg>${product}</arg>
<doc>Runs the given keyword with the given arguments and ignores possible error.</doc>
<status status="PASS" start="2026-02-19T16:41:19.987941" elapsed="23.002722"/>
</kw>
<kw name="Close Browser" owner="SeleniumLibrary">
<doc>Closes the current browser.</doc>
<status status="PASS" start="2026-02-19T16:41:42.991508" elapsed="2.334898"/>
</kw>
<arg>${email}</arg>
<arg>${password}</arg>
<arg>${product}</arg>
<status status="PASS" start="2026-02-19T16:41:17.837660" elapsed="27.488884"/>
</kw>
<arg>Run Scenario With Fresh Browser</arg>
<arg>${email}</arg>
<arg>${password}</arg>
<arg>${product}</arg>
<doc>Runs the keyword and continues execution even if a failure occurs.</doc>
<status status="PASS" start="2026-02-19T16:41:17.837185" elapsed="27.489442"/>
</kw>
<kw name="Log To Console" owner="BuiltIn">
<arg>Finished Scenario for: ${email} - SUCCESS</arg>
<doc>Logs the given message to the console.</doc>
<status status="PASS" start="2026-02-19T16:41:45.326795" elapsed="0.002031"/>
</kw>
<var name="${index}">5</var>
<status status="PASS" start="2026-02-19T16:41:17.833805" elapsed="27.495158"/>
</iter>
<iter>
<kw name="Get From List" owner="Collections">
<msg time="2026-02-19T16:41:45.329633" level="INFO">${line} = customer2@practicesoftwaretesting.com,welcome01,Screwdriver</msg>
<var>${line}</var>
<arg>${lines}</arg>
<arg>${index}</arg>
<doc>Returns the value specified with an ``index`` from ``list``.</doc>
<status status="PASS" start="2026-02-19T16:41:45.329350" elapsed="0.000393"/>
</kw>
<kw name="Split String" owner="String">
<msg time="2026-02-19T16:41:45.330162" level="INFO">@{data} = [ customer2@practicesoftwaretesting.com | welcome01 | Screwdriver ]</msg>
<var>@{data}</var>
<arg>${line}</arg>
<arg>separator=,</arg>
<doc>Splits the ``string`` using ``separator`` as a delimiter string.</doc>
<status status="PASS" start="2026-02-19T16:41:45.329893" elapsed="0.000313"/>
</kw>
<kw name="Get From List" owner="Collections">
<msg time="2026-02-19T16:41:45.330580" level="INFO">${email} = customer2@practicesoftwaretesting.com</msg>
<var>${email}</var>
<arg>${data}</arg>
<arg>0</arg>
<doc>Returns the value specified with an ``index`` from ``list``.</doc>
<status status="PASS" start="2026-02-19T16:41:45.330372" elapsed="0.000242"/>
</kw>
<kw name="Get From List" owner="Collections">
<msg time="2026-02-19T16:41:45.330935" level="INFO">${password} = welcome01</msg>
<var>${password}</var>
<arg>${data}</arg>
<arg>1</arg>
<doc>Returns the value specified with an ``index`` from ``list``.</doc>
<status status="PASS" start="2026-02-19T16:41:45.330745" elapsed="0.000224"/>
</kw>
<kw name="Get From List" owner="Collections">
<msg time="2026-02-19T16:41:45.331275" level="INFO">${product} = Screwdriver</msg>
<var>${product}</var>
<arg>${data}</arg>
<arg>2</arg>
<doc>Returns the value specified with an ``index`` from ``list``.</doc>
<status status="PASS" start="2026-02-19T16:41:45.331093" elapsed="0.000214"/>
</kw>
<kw name="Log To Console" owner="BuiltIn">
<arg>\nStarting Scenario for: ${email}</arg>
<doc>Logs the given message to the console.</doc>
<status status="PASS" start="2026-02-19T16:41:45.331487" elapsed="0.000716"/>
</kw>
<kw name="Run Keyword And Continue On Failure" owner="BuiltIn">
<kw name="Run Scenario With Fresh Browser">
<kw name="Open Toolshop">
<kw name="Evaluate" owner="BuiltIn">
<msg time="2026-02-19T16:41:45.333610" level="INFO">${options} = &lt;selenium.webdriver.chrome.options.Options object at 0x000001FB60F0EE70&gt;</msg>
<var>${options}</var>
<arg>sys.modules['selenium.webdriver'].ChromeOptions()</arg>
<arg>sys</arg>
<doc>Evaluates the given expression in Python and returns the result.</doc>
<status status="PASS" start="2026-02-19T16:41:45.333269" elapsed="0.000372"/>
</kw>
<kw name="Call Method" owner="BuiltIn">
<arg>${options}</arg>
<arg>add_experimental_option</arg>
<arg>prefs</arg>
<arg>${{ {'credentials_enable_service': False, 'profile.password_manager_enabled': False, 'profile.password_manager_leak_detection': False} }}</arg>
<doc>Calls the named method of the given object with the provided arguments.</doc>
<status status="PASS" start="2026-02-19T16:41:45.333737" elapsed="0.000476"/>
</kw>
<kw name="Call Method" owner="BuiltIn">
<arg>${options}</arg>
<arg>add_argument</arg>
<arg>--disable-save-password-bubble</arg>
<doc>Calls the named method of the given object with the provided arguments.</doc>
<status status="PASS" start="2026-02-19T16:41:45.334317" elapsed="0.000216"/>
</kw>
<kw name="Call Method" owner="BuiltIn">
<arg>${options}</arg>
<arg>add_argument</arg>
<arg>--disable-notifications</arg>
<doc>Calls the named method of the given object with the provided arguments.</doc>
<status status="PASS" start="2026-02-19T16:41:45.334622" elapsed="0.000212"/>
</kw>
<kw name="Call Method" owner="BuiltIn">
<arg>${options}</arg>
<arg>add_argument</arg>
<arg>--no-sandbox</arg>
<doc>Calls the named method of the given object with the provided arguments.</doc>
<status status="PASS" start="2026-02-19T16:41:45.334924" elapsed="0.000183"/>
</kw>
<kw name="Create Webdriver" owner="SeleniumLibrary">
<msg time="2026-02-19T16:41:45.335323" level="INFO">Creating an instance of the Chrome WebDriver.</msg>
<arg>Chrome</arg>
<arg>options=${options}</arg>
<doc>Creates an instance of Selenium WebDriver.</doc>
<status status="PASS" start="2026-02-19T16:41:45.335203" elapsed="1.737681"/>
</kw>
<kw name="Set Window Size" owner="SeleniumLibrary">
<arg>1920</arg>
<arg>1080</arg>
<doc>Sets current windows size to given ``width`` and ``height``.</doc>
<status status="PASS" start="2026-02-19T16:41:47.073149" elapsed="0.378307"/>
</kw>
<kw name="Set Selenium Implicit Wait" owner="SeleniumLibrary">
<arg>10s</arg>
<doc>Sets the implicit wait value used by Selenium.</doc>
<status status="PASS" start="2026-02-19T16:41:47.451624" elapsed="0.001156"/>
</kw>
<status status="PASS" start="2026-02-19T16:41:45.333098" elapsed="2.134908"/>
</kw>
<kw name="Run Keyword And Ignore Error" owner="BuiltIn">
<kw name="Execute Capstone Flow">
<kw name="Go To" owner="SeleniumLibrary">
<msg time="2026-02-19T16:41:47.469871" level="INFO">Opening url 'https://practicesoftwaretesting.com/'</msg>
<arg>${URL}</arg>
<doc>Navigates the current browser window to the provided ``url``.</doc>
<status status="PASS" start="2026-02-19T16:41:47.469722" elapsed="1.824353"/>
</kw>
<kw name="Wait Until Element Is Visible" owner="SeleniumLibrary">
<arg>css:a[data-test='nav-sign-in']</arg>
<arg>15s</arg>
<doc>Waits until the element ``locator`` is visible.</doc>
<status status="PASS" start="2026-02-19T16:41:49.294342" elapsed="0.324963"/>
</kw>
<kw name="Click Element" owner="SeleniumLibrary">
<msg time="2026-02-19T16:41:49.619631" level="INFO">Clicking element 'css:a[data-test='nav-sign-in']'.</msg>
<arg>css:a[data-test='nav-sign-in']</arg>
<doc>Click the element identified by ``locator``.</doc>
<status status="PASS" start="2026-02-19T16:41:49.619461" elapsed="0.113948"/>
</kw>
<kw name="Wait Until Element Is Visible" owner="SeleniumLibrary">
<arg>id:email</arg>
<arg>10s</arg>
<doc>Waits until the element ``locator`` is visible.</doc>
<status status="PASS" start="2026-02-19T16:41:49.733657" elapsed="0.199716"/>
</kw>
<kw name="Input Text" owner="SeleniumLibrary">
<msg time="2026-02-19T16:41:49.933970" level="INFO">Typing text 'customer2@practicesoftwaretesting.com' into text field 'id:email'.</msg>
<arg>id:email</arg>
<arg>${email}</arg>
<doc>Types the given ``text`` into the text field identified by ``locator``.</doc>
<status status="PASS" start="2026-02-19T16:41:49.933644" elapsed="0.180905"/>
</kw>
<kw name="Input Text" owner="SeleniumLibrary">
<msg time="2026-02-19T16:41:50.114941" level="INFO">Typing text 'welcome01' into text field 'id:password'.</msg>
<arg>id:password</arg>
<arg>${password}</arg>
<doc>Types the given ``text`` into the text field identified by ``locator``.</doc>
<status status="PASS" start="2026-02-19T16:41:50.114731" elapsed="0.070961"/>
</kw>
<kw name="Click Button" owner="SeleniumLibrary">
<msg time="2026-02-19T16:41:50.186680" level="INFO">Clicking button 'css:input[data-test='login-submit']'.</msg>
<arg>css:input[data-test='login-submit']</arg>
<doc>Clicks the button identified by ``locator``.</doc>
<status status="PASS" start="2026-02-19T16:41:50.186460" elapsed="0.076958"/>
</kw>
<kw name="Wait Until Element Is Visible" owner="SeleniumLibrary">
<arg>css:a[data-test='nav-menu']</arg>
<arg>15s</arg>
<doc>Waits until the element ``locator`` is visible.</doc>
<status status="PASS" start="2026-02-19T16:41:50.263814" elapsed="3.699147"/>
</kw>
<kw name="Click Element" owner="SeleniumLibrary">
<msg time="2026-02-19T16:41:53.964200" level="INFO">Clicking element 'css:a[data-test='nav-home']'.</msg>
<arg>css:a[data-test='nav-home']</arg>
[...]
<doc>Clicks the button identified by ``locator``.</doc>
<status status="PASS" start="2026-02-19T16:42:50.111790" elapsed="0.121836"/>
</kw>
<kw name="Sleep" owner="BuiltIn">
<msg time="2026-02-19T16:42:52.234710" level="INFO">Slept 2 seconds.</msg>
<arg>2s</arg>
<doc>Pauses the test executed for the given time.</doc>
<status status="PASS" start="2026-02-19T16:42:50.233855" elapsed="2.001092"/>
</kw>
<kw name="Wait Until Element Is Visible" owner="SeleniumLibrary">
<arg>css:a.card</arg>
<arg>10s</arg>
<doc>Waits until the element ``locator`` is visible.</doc>
<status status="PASS" start="2026-02-19T16:42:52.235375" elapsed="0.039345"/>
</kw>
<kw name="Click Element" owner="SeleniumLibrary">
<msg time="2026-02-19T16:42:52.275481" level="INFO">Clicking element 'css:a.card'.</msg>
<arg>css:a.card</arg>
<doc>Click the element identified by ``locator``.</doc>
<status status="PASS" start="2026-02-19T16:42:52.275072" elapsed="0.102211"/>
</kw>
<kw name="Wait Until Element Is Visible" owner="SeleniumLibrary">
<arg>id:btn-add-to-cart</arg>
<arg>10s</arg>
<doc>Waits until the element ``locator`` is visible.</doc>
<status status="PASS" start="2026-02-19T16:42:52.377430" elapsed="1.987658"/>
</kw>
<kw name="Click Button" owner="SeleniumLibrary">
<msg time="2026-02-19T16:42:54.365585" level="INFO">Clicking button 'id:btn-add-to-cart'.</msg>
<arg>id:btn-add-to-cart</arg>
<doc>Clicks the button identified by ``locator``.</doc>
<status status="PASS" start="2026-02-19T16:42:54.365342" elapsed="0.102676"/>
</kw>
<kw name="Wait Until Element Is Visible" owner="SeleniumLibrary">
<arg>css:span[data-test='cart-quantity']</arg>
<arg>10s</arg>
<doc>Waits until the element ``locator`` is visible.</doc>
<status status="PASS" start="2026-02-19T16:42:54.468286" elapsed="2.686031"/>
</kw>
<kw name="Click Element" owner="SeleniumLibrary">
<msg time="2026-02-19T16:42:57.155440" level="INFO">Clicking element 'css:a[data-test='nav-cart']'.</msg>
<arg>css:a[data-test='nav-cart']</arg>
<doc>Click the element identified by ``locator``.</doc>
<status status="PASS" start="2026-02-19T16:42:57.155167" elapsed="0.072737"/>
</kw>
<kw name="Wait Until Element Is Visible" owner="SeleniumLibrary">
<arg>css:input[data-test='product-quantity']</arg>
<arg>10s</arg>
<doc>Waits until the element ``locator`` is visible.</doc>
<status status="PASS" start="2026-02-19T16:42:57.228057" elapsed="3.968616"/>
</kw>
<kw name="Clear Element Text" owner="SeleniumLibrary">
<arg>css:input[data-test='product-quantity']</arg>
<doc>Clears the value of the text-input-element identified by ``locator``.</doc>
<status status="PASS" start="2026-02-19T16:43:01.196916" elapsed="0.050419"/>
</kw>
<kw name="Input Text" owner="SeleniumLibrary">
<msg time="2026-02-19T16:43:01.247830" level="INFO">Typing text '3' into text field 'css:input[data-test='product-quantity']'.</msg>
<arg>css:input[data-test='product-quantity']</arg>
<arg>3</arg>
<doc>Types the given ``text`` into the text field identified by ``locator``.</doc>
<status status="PASS" start="2026-02-19T16:43:01.247574" elapsed="0.112750"/>
</kw>
<kw name="Click Element" owner="SeleniumLibrary">
<msg time="2026-02-19T16:43:01.360975" level="INFO">Clicking element 'css:a[data-test='nav-menu']'.</msg>
<arg>css:a[data-test='nav-menu']</arg>
<doc>Click the element identified by ``locator``.</doc>
<status status="PASS" start="2026-02-19T16:43:01.360553" elapsed="0.100277"/>
</kw>
<kw name="Wait Until Element Is Visible" owner="SeleniumLibrary">
<arg>css:a[data-test='nav-sign-out']</arg>
<arg>10s</arg>
<doc>Waits until the element ``locator`` is visible.</doc>
<status status="PASS" start="2026-02-19T16:43:01.461079" elapsed="0.018723"/>
</kw>
<kw name="Click Element" owner="SeleniumLibrary">
<msg time="2026-02-19T16:43:01.480279" level="INFO">Clicking element 'css:a[data-test='nav-sign-out']'.</msg>
<arg>css:a[data-test='nav-sign-out']</arg>
<doc>Click the element identified by ``locator``.</doc>
<status status="PASS" start="2026-02-19T16:43:01.479949" elapsed="1.420762"/>
</kw>
<arg>${email}</arg>
<arg>${password}</arg>
<arg>${product}</arg>
<status status="PASS" start="2026-02-19T16:42:43.193132" elapsed="19.707744"/>
</kw>
<arg>Execute Capstone Flow</arg>
<arg>${email}</arg>
<arg>${password}</arg>
<arg>${product}</arg>
<doc>Runs the given keyword with the given arguments and ignores possible error.</doc>
<status status="PASS" start="2026-02-19T16:42:43.192116" elapsed="19.708847"/>
</kw>
<kw name="Close Browser" owner="SeleniumLibrary">
<doc>Closes the current browser.</doc>
<status status="PASS" start="2026-02-19T16:43:02.901190" elapsed="2.329998"/>
</kw>
<arg>${email}</arg>
<arg>${password}</arg>
<arg>${product}</arg>
<status status="PASS" start="2026-02-19T16:42:41.266650" elapsed="23.964753"/>
</kw>
<arg>Run Scenario With Fresh Browser</arg>
<arg>${email}</arg>
<arg>${password}</arg>
<arg>${product}</arg>
<doc>Runs the keyword and continues execution even if a failure occurs.</doc>
<status status="PASS" start="2026-02-19T16:42:41.266327" elapsed="23.965219"/>
</kw>
<kw name="Log To Console" owner="BuiltIn">
<arg>Finished Scenario for: ${email} - SUCCESS</arg>
<doc>Logs the given message to the console.</doc>
<status status="PASS" start="2026-02-19T16:43:05.231808" elapsed="0.000760"/>
</kw>
<var name="${index}">8</var>
<status status="PASS" start="2026-02-19T16:42:41.263446" elapsed="23.969237"/>
</iter>
<iter>
<kw name="Get From List" owner="Collections">
<msg time="2026-02-19T16:43:05.233454" level="INFO">${line} = customer@practicesoftwaretesting.com,welcome01,Belt Sander</msg>
<var>${line}</var>
<arg>${lines}</arg>
<arg>${index}</arg>
<doc>Returns the value specified with an ``index`` from ``list``.</doc>
<status status="PASS" start="2026-02-19T16:43:05.233179" elapsed="0.000360"/>
</kw>
<kw name="Split String" owner="String">
<msg time="2026-02-19T16:43:05.233858" level="INFO">@{data} = [ customer@practicesoftwaretesting.com | welcome01 | Belt Sander ]</msg>
<var>@{data}</var>
<arg>${line}</arg>
<arg>separator=,</arg>
<doc>Splits the ``string`` using ``separator`` as a delimiter string.</doc>
<status status="PASS" start="2026-02-19T16:43:05.233651" elapsed="0.000233"/>
</kw>
<kw name="Get From List" owner="Collections">
<msg time="2026-02-19T16:43:05.234132" level="INFO">${email} = customer@practicesoftwaretesting.com</msg>
<var>${email}</var>
<arg>${data}</arg>
<arg>0</arg>
<doc>Returns the value specified with an ``index`` from ``list``.</doc>
<status status="PASS" start="2026-02-19T16:43:05.233984" elapsed="0.000174"/>
</kw>
<kw name="Get From List" owner="Collections">
<msg time="2026-02-19T16:43:05.234394" level="INFO">${password} = welcome01</msg>
<var>${password}</var>
<arg>${data}</arg>
<arg>1</arg>
<doc>Returns the value specified with an ``index`` from ``list``.</doc>
<status status="PASS" start="2026-02-19T16:43:05.234254" elapsed="0.000165"/>
</kw>
<kw name="Get From List" owner="Collections">
<msg time="2026-02-19T16:43:05.234669" level="INFO">${product} = Belt Sander</msg>
<var>${product}</var>
<arg>${data}</arg>
<arg>2</arg>
<doc>Returns the value specified with an ``index`` from ``list``.</doc>
<status status="PASS" start="2026-02-19T16:43:05.234511" elapsed="0.000182"/>
</kw>
<kw name="Log To Console" owner="BuiltIn">
<arg>\nStarting Scenario for: ${email}</arg>
<doc>Logs the given message to the console.</doc>
<status status="PASS" start="2026-02-19T16:43:05.234786" elapsed="0.000468"/>
</kw>
<kw name="Run Keyword And Continue On Failure" owner="BuiltIn">
<kw name="Run Scenario With Fresh Browser">
<kw name="Open Toolshop">
<kw name="Evaluate" owner="BuiltIn">
<msg time="2026-02-19T16:43:05.236713" level="INFO">${options} = &lt;selenium.webdriver.chrome.options.Options object at 0x000001FB60FFC350&gt;</msg>
<var>${options}</var>
<arg>sys.modules['selenium.webdriver'].ChromeOptions()</arg>
<arg>sys</arg>
<doc>Evaluates the given expression in Python and returns the result.</doc>
<status status="PASS" start="2026-02-19T16:43:05.236357" elapsed="0.000380"/>
</kw>
<kw name="Call Method" owner="BuiltIn">
<arg>${options}</arg>
<arg>add_experimental_option</arg>
<arg>prefs</arg>
<arg>${{ {'credentials_enable_service': False, 'profile.password_manager_enabled': False, 'profile.password_manager_leak_detection': False} }}</arg>
<doc>Calls the named method of the given object with the provided arguments.</doc>
<status status="PASS" start="2026-02-19T16:43:05.236817" elapsed="0.000397"/>
</kw>
<kw name="Call Method" owner="BuiltIn">
<arg>${options}</arg>
<arg>add_argument</arg>
<arg>--disable-save-password-bubble</arg>
<doc>Calls the named method of the given object with the provided arguments.</doc>
<status status="PASS" start="2026-02-19T16:43:05.237312" elapsed="0.000182"/>
</kw>
<kw name="Call Method" owner="BuiltIn">
<arg>${options}</arg>
<arg>add_argument</arg>
<arg>--disable-notifications</arg>
<doc>Calls the named method of the given object with the provided arguments.</doc>
<status status="PASS" start="2026-02-19T16:43:05.237570" elapsed="0.000158"/>
</kw>
<kw name="Call Method" owner="BuiltIn">
<arg>${options}</arg>
<arg>add_argument</arg>
<arg>--no-sandbox</arg>
<doc>Calls the named method of the given object with the provided arguments.</doc>
<status status="PASS" start="2026-02-19T16:43:05.237797" elapsed="0.000148"/>
</kw>
<kw name="Create Webdriver" owner="SeleniumLibrary">
<msg time="2026-02-19T16:43:05.238132" level="INFO">Creating an instance of the Chrome WebDriver.</msg>
<arg>Chrome</arg>
<arg>options=${options}</arg>
<doc>Creates an instance of Selenium WebDriver.</doc>
<status status="PASS" start="2026-02-19T16:43:05.238022" elapsed="1.505671"/>
</kw>
<kw name="Set Window Size" owner="SeleniumLibrary">
<arg>1920</arg>
<arg>1080</arg>
<doc>Sets current windows size to given ``width`` and ``height``.</doc>
<status status="PASS" start="2026-02-19T16:43:06.743941" elapsed="0.368451"/>
</kw>
<kw name="Set Selenium Implicit Wait" owner="SeleniumLibrary">
<arg>10s</arg>
<doc>Sets the implicit wait value used by Selenium.</doc>
<status status="PASS" start="2026-02-19T16:43:07.112844" elapsed="0.002304"/>
</kw>
<status status="PASS" start="2026-02-19T16:43:05.236157" elapsed="1.879187"/>
</kw>
<kw name="Run Keyword And Ignore Error" owner="BuiltIn">
<kw name="Execute Capstone Flow">
<kw name="Go To" owner="SeleniumLibrary">
<msg time="2026-02-19T16:43:07.117527" level="INFO">Opening url 'https://practicesoftwaretesting.com/'</msg>
<arg>${URL}</arg>
<doc>Navigates the current browser window to the provided ``url``.</doc>
<status status="PASS" start="2026-02-19T16:43:07.117284" elapsed="1.420999"/>
</kw>
<kw name="Wait Until Element Is Visible" owner="SeleniumLibrary">
<arg>css:a[data-test='nav-sign-in']</arg>
<arg>15s</arg>
<doc>Waits until the element ``locator`` is visible.</doc>
<status status="PASS" start="2026-02-19T16:43:08.538614" elapsed="0.509851"/>
</kw>
<kw name="Click Element" owner="SeleniumLibrary">
<msg time="2026-02-19T16:43:09.048992" level="INFO">Clicking element 'css:a[data-test='nav-sign-in']'.</msg>
<arg>css:a[data-test='nav-sign-in']</arg>
<doc>Click the element identified by ``locator``.</doc>
<status status="PASS" start="2026-02-19T16:43:09.048709" elapsed="0.142682"/>
</kw>
<kw name="Wait Until Element Is Visible" owner="SeleniumLibrary">
<arg>id:email</arg>
<arg>10s</arg>
<doc>Waits until the element ``locator`` is visible.</doc>
<status status="PASS" start="2026-02-19T16:43:09.191625" elapsed="0.173389"/>
</kw>
<kw name="Input Text" owner="SeleniumLibrary">
<msg time="2026-02-19T16:43:09.365516" level="INFO">Typing text 'customer@practicesoftwaretesting.com' into text field 'id:email'.</msg>
<arg>id:email</arg>
<arg>${email}</arg>
<doc>Types the given ``text`` into the text field identified by ``locator``.</doc>
<status status="PASS" start="2026-02-19T16:43:09.365175" elapsed="0.233154"/>
</kw>
<kw name="Input Text" owner="SeleniumLibrary">
<msg time="2026-02-19T16:43:09.598837" level="INFO">Typing text 'welcome01' into text field 'id:password'.</msg>
<arg>id:password</arg>
<arg>${password}</arg>
<doc>Types the given ``text`` into the text field identified by ``locator``.</doc>
<status status="PASS" start="2026-02-19T16:43:09.598601" elapsed="0.076584"/>
</kw>
<kw name="Click Button" owner="SeleniumLibrary">
<msg time="2026-02-19T16:43:09.675537" level="INFO">Clicking button 'css:input[data-test='login-submit']'.</msg>
<arg>css:input[data-test='login-submit']</arg>
<doc>Clicks the button identified by ``locator``.</doc>
<status status="PASS" start="2026-02-19T16:43:09.675344" elapsed="0.068017"/>
</kw>
<kw name="Wait Until Element Is Visible" owner="SeleniumLibrary">
<arg>css:a[data-test='nav-menu']</arg>
<arg>15s</arg>
<doc>Waits until the element ``locator`` is visible.</doc>
<status status="PASS" start="2026-02-19T16:43:09.743620" elapsed="5.278052"/>
</kw>
<kw name="Click Element" owner="SeleniumLibrary">
<msg time="2026-02-19T16:43:15.022288" level="INFO">Clicking element 'css:a[data-test='nav-home']'.</msg>
<arg>css:a[data-test='nav-home']</arg>
<doc>Click the element identified by ``locator``.</doc>
<status status="PASS" start="2026-02-19T16:43:15.021988" elapsed="0.223757"/>
</kw>
<kw name="Wait Until Element Is Visible" owner="SeleniumLibrary">
<arg>id:search-query</arg>
<arg>10s</arg>
<doc>Waits until the element ``locator`` is visible.</doc>
<status status="PASS" start="2026-02-19T16:43:15.245995" elapsed="0.026342"/>
</kw>
<kw name="Input Text" owner="SeleniumLibrary">
<msg time="2026-02-19T16:43:15.272993" level="INFO">Typing text 'Belt Sander' into text field 'id:search-query'.</msg>
<arg>id:search-query</arg>
<arg>${product}</arg>
<doc>Types the given ``text`` into the text field identified by ``locator``.</doc>
<status status="PASS" start="2026-02-19T16:43:15.272681" elapsed="0.144486"/>
</kw>
<kw name="Click Button" owner="SeleniumLibrary">
<msg time="2026-02-19T16:43:15.417720" level="INFO">Clicking button 'css:button[data-test='search-submit']'.</msg>
<arg>css:button[data-test='search-submit']</arg>
<doc>Clicks the button identified by ``locator``.</doc>
<status status="PASS" start="2026-02-19T16:43:15.417424" elapsed="0.099433"/>
</kw>
<kw name="Sleep" owner="BuiltIn">
<msg time="2026-02-19T16:43:17.517494" level="INFO">Slept 2 seconds.</msg>
<arg>2s</arg>
<doc>Pauses the test executed for the given time.</doc>
<status status="PASS" start="2026-02-19T16:43:15.517004" elapsed="2.000697"/>
</kw>
<kw name="Wait Until Element Is Visible" owner="SeleniumLibrary">
<arg>css:a.card</arg>
<arg>10s</arg>
<doc>Waits until the element ``locator`` is visible.</doc>
<status status="PASS" start="2026-02-19T16:43:17.517936" elapsed="0.023671"/>
</kw>
<kw name="Click Element" owner="SeleniumLibrary">
<msg time="2026-02-19T16:43:17.541918" level="INFO">Clicking element 'css:a.card'.</msg>
<arg>css:a.card</arg>
<doc>Click the element identified by ``locator``.</doc>
<status status="PASS" start="2026-02-19T16:43:17.541759" elapsed="0.068975"/>
</kw>
<kw name="Wait Until Element Is Visible" owner="SeleniumLibrary">
<arg>id:btn-add-to-cart</arg>
<arg>10s</arg>
<doc>Waits until the element ``locator`` is visible.</doc>
<status status="PASS" start="2026-02-19T16:43:17.610914" elapsed="1.918156"/>
</kw>
<kw name="Click Button" owner="SeleniumLibrary">
<msg time="2026-02-19T16:43:19.529619" level="INFO">Clicking button 'id:btn-add-to-cart'.</msg>
<arg>id:btn-add-to-cart</arg>
<doc>Clicks the button identified by ``locator``.</doc>
<status status="PASS" start="2026-02-19T16:43:19.529314" elapsed="0.116892"/>
</kw>
<kw name="Wait Until Element Is Visible" owner="SeleniumLibrary">
<arg>css:span[data-test='cart-quantity']</arg>
<arg>10s</arg>
<doc>Waits until the element ``locator`` is visible.</doc>
<status status="PASS" start="2026-02-19T16:43:19.646360" elapsed="3.728440"/>
</kw>
<kw name="Click Element" owner="SeleniumLibrary">
<msg time="2026-02-19T16:43:23.375130" level="INFO">Clicking element 'css:a[data-test='nav-cart']'.</msg>
<arg>css:a[data-test='nav-cart']</arg>
<doc>Click the element identified by ``locator``.</doc>
<status status="PASS" start="2026-02-19T16:43:23.374965" elapsed="0.075274"/>
</kw>
<kw name="Wait Until Element Is Visible" owner="SeleniumLibrary">
<arg>css:input[data-test='product-quantity']</arg>
<arg>10s</arg>
<doc>Waits until the element ``locator`` is visible.</doc>
<status status="PASS" start="2026-02-19T16:43:23.450388" elapsed="3.492845"/>
</kw>
<kw name="Clear Element Text" owner="SeleniumLibrary">
<arg>css:input[data-test='product-quantity']</arg>
<doc>Clears the value of the text-input-element identified by ``locator``.</doc>
<status status="PASS" start="2026-02-19T16:43:26.943508" elapsed="0.041121"/>
</kw>
<kw name="Input Text" owner="SeleniumLibrary">
<msg time="2026-02-19T16:43:26.987863" level="INFO">Typing text '3' into text field 'css:input[data-test='product-quantity']'.</msg>
<arg>css:input[data-test='product-quantity']</arg>
<arg>3</arg>
<doc>Types the given ``text`` into the text field identified by ``locator``.</doc>
<status status="PASS" start="2026-02-19T16:43:26.987499" elapsed="0.070043"/>
</kw>
<kw name="Click Element" owner="SeleniumLibrary">
<msg time="2026-02-19T16:43:27.057913" level="INFO">Clicking element 'css:a[data-test='nav-menu']'.</msg>
<arg>css:a[data-test='nav-menu']</arg>
<doc>Click the element identified by ``locator``.</doc>
<status status="PASS" start="2026-02-19T16:43:27.057739" elapsed="0.067311"/>
</kw>
<kw name="Wait Until Element Is Visible" owner="SeleniumLibrary">
<arg>css:a[data-test='nav-sign-out']</arg>
<arg>10s</arg>
<doc>Waits until the element ``locator`` is visible.</doc>
<status status="PASS" start="2026-02-19T16:43:27.125209" elapsed="0.019473"/>
</kw>
<kw name="Click Element" owner="SeleniumLibrary">
<msg time="2026-02-19T16:43:27.145173" level="INFO">Clicking element 'css:a[data-test='nav-sign-out']'.</msg>
<arg>css:a[data-test='nav-sign-out']</arg>
<doc>Click the element identified by ``locator``.</doc>
<status status="PASS" start="2026-02-19T16:43:27.144932" elapsed="0.883723"/>
</kw>
<arg>${email}</arg>
<arg>${password}</arg>
<arg>${product}</arg>
<status status="PASS" start="2026-02-19T16:43:07.116561" elapsed="20.912295"/>
</kw>
<arg>Execute Capstone Flow</arg>
<arg>${email}</arg>
<arg>${password}</arg>
<arg>${product}</arg>
<doc>Runs the given keyword with the given arguments and ignores possible error.</doc>
<status status="PASS" start="2026-02-19T16:43:07.115603" elapsed="20.913351"/>
</kw>
<kw name="Close Browser" owner="SeleniumLibrary">
<doc>Closes the current browser.</doc>
<status status="PASS" start="2026-02-19T16:43:28.029150" elapsed="2.347210"/>
</kw>
<arg>${email}</arg>
<arg>${password}</arg>
<arg>${product}</arg>
<status status="PASS" start="2026-02-19T16:43:05.235807" elapsed="25.140652"/>
</kw>
<arg>Run Scenario With Fresh Browser</arg>
<arg>${email}</arg>
<arg>${password}</arg>
<arg>${product}</arg>
<doc>Runs the keyword and continues execution even if a failure occurs.</doc>
<status status="PASS" start="2026-02-19T16:43:05.235406" elapsed="25.141108"/>
</kw>
<kw name="Log To Console" owner="BuiltIn">
<arg>Finished Scenario for: ${email} - SUCCESS</arg>
<doc>Logs the given message to the console.</doc>
<status status="PASS" start="2026-02-19T16:43:30.376634" elapsed="0.000507"/>
</kw>
<var name="${index}">9</var>
<status status="PASS" start="2026-02-19T16:43:05.233010" elapsed="25.144199"/>
</iter>
<var>${index}</var>
<value>1</value>
<value>${line_count}</value>
<status status="PASS" start="2026-02-19T16:39:40.334622" elapsed="230.043434"/>
</for>
<status status="PASS" start="2026-02-19T16:39:40.330242" elapsed="230.056977"/>
</test>
<status status="PASS" start="2026-02-19T16:39:40.088208" elapsed="230.311948"/>
</suite>
<statistics>
<total>
<stat pass="1" fail="0" skip="0">All Tests</stat>
</total>
<tag>
</tag>
<suite>
<stat name="Test Csv Driven" id="s1" pass="1" fail="0" skip="0">Test Csv Driven</stat>
</suite>
</statistics>
<errors>
</errors>
</robot>
