<?xml version="1.0" encoding="UTF-8"?>
<robot generator="Robot 7.4.1 (Python 3.13.3 on win32)" generated="2026-02-02T12:56:35.503065" rpa="false" schemaversion="5">
<suite id="s1" name="MyTest08 Flaskapi" source="C:\Users\ANMOL SINGHAL\PycharmProjects\PythonProject2\DAY 12 &amp; DAY 13\RobotFW\MyTest08_Flaskapi.robot">
<test id="s1-t1" name="Create new user" line="7">
<kw name="Create Session" owner="RequestsLibrary">
<msg time="2026-02-02T12:56:35.762655" level="INFO">Creating Session using : alias=postingsession, url=http://127.0.0.1:5000, headers={},                     cookies={}, auth=None, timeout=None, proxies=None, verify=False,                     debug=0 </msg>
<arg>postingsession</arg>
<arg>${baseurl}</arg>
<doc>Create Session: create a HTTP session to a server</doc>
<status status="PASS" start="2026-02-02T12:56:35.761504" elapsed="0.001421"/>
</kw>
<kw name="Create Dictionary" owner="BuiltIn">
<msg time="2026-02-02T12:56:35.765808" level="INFO">${data} = {'name': 'varsha'}</msg>
<var>${data}</var>
<arg>name=varsha</arg>
<doc>Creates and returns a dictionary based on the given ``items``.</doc>
<status status="PASS" start="2026-02-02T12:56:35.765363" elapsed="0.000477"/>
</kw>
<kw name="POST On Session" owner="RequestsLibrary">
<msg time="2026-02-02T12:56:35.788125" level="INFO">POST Request : url=http://127.0.0.1:5000/users 
 path_url=/users 
 headers={'User-Agent': 'python-requests/2.32.5', 'Accept-Encoding': 'gzip, deflate', 'Accept': '*/*', 'Connection': 'keep-alive', 'Content-Length': '18', 'Content-Type': 'application/json'} 
 body=b'{"name": "varsha"}' 
 </msg>
<msg time="2026-02-02T12:56:35.788295" level="INFO">POST Response : url=http://127.0.0.1:5000/users 
 status=201, reason=CREATED 
 headers={'Server': 'Werkzeug/3.1.5 Python/3.13.3', 'Date': 'Mon, 02 Feb 2026 07:26:35 GMT', 'Content-Type': 'application/json', 'Content-Length': '34', 'Connection': 'close'} 
 body={
  "id": 7,
  "name": "varsha"
}
 
 </msg>
<msg time="2026-02-02T12:56:35.788454" level="INFO">${response} = &lt;Response [201]&gt;</msg>
<var>${response}</var>
<arg>postingsession</arg>
<arg>/users</arg>
<arg>json=${data}</arg>
<doc>Sends a POST request on a previously created HTTP Session.</doc>
<status status="PASS" start="2026-02-02T12:56:35.766107" elapsed="0.022375"/>
</kw>
<kw name="Status Should Be" owner="RequestsLibrary">
<arg>201</arg>
<arg>${response}</arg>
<doc>Fails if response status code is different than the expected.</doc>
<status status="PASS" start="2026-02-02T12:56:35.799850" elapsed="0.000524"/>
</kw>
<kw name="Evaluate" owner="BuiltIn">
<msg time="2026-02-02T12:56:35.802038" level="INFO">${user_json} = {'id': 7, 'name': 'varsha'}</msg>
<var>${user_json}</var>
<arg>$response.json()</arg>
<doc>Evaluates the given expression in Python and returns the result.</doc>
<status status="PASS" start="2026-02-02T12:56:35.801343" elapsed="0.000734"/>
</kw>
<kw name="Log" owner="BuiltIn">
<msg time="2026-02-02T12:56:35.802960" level="INFO">{'id': 7, 'name': 'varsha'}=</msg>
<arg>${user_json}=</arg>
<arg>console=True</arg>
<doc>Logs the given message with the given level.</doc>
<status status="PASS" start="2026-02-02T12:56:35.802360" elapsed="0.000761"/>
</kw>
<status status="PASS" start="2026-02-02T12:56:35.760503" elapsed="0.042837"/>
</test>
<test id="s1-t2" name="update user" line="14">
<kw name="Create Session" owner="RequestsLibrary">
<msg time="2026-02-02T12:56:35.804439" level="INFO">Creating Session using : alias=postingsession, url=http://127.0.0.1:5000, headers={},                     cookies={}, auth=None, timeout=None, proxies=None, verify=False,                     debug=0 </msg>
<arg>postingsession</arg>
<arg>${baseurl}</arg>
<doc>Create Session: create a HTTP session to a server</doc>
<status status="PASS" start="2026-02-02T12:56:35.804244" elapsed="0.000449"/>
</kw>
<kw name="Create Dictionary" owner="BuiltIn">
<msg time="2026-02-02T12:56:35.805373" level="INFO">${data} = {'name': 'Pooja'}</msg>
<var>${data}</var>
<arg>name=Pooja</arg>
<doc>Creates and returns a dictionary based on the given ``items``.</doc>
<status status="PASS" start="2026-02-02T12:56:35.804958" elapsed="0.000453"/>
</kw>
<kw name="PUT On Session" owner="RequestsLibrary">
<msg time="2026-02-02T12:56:35.832757" level="INFO">PUT Request : url=http://127.0.0.1:5000/users/1 
 path_url=/users/1 
 headers={'User-Agent': 'python-requests/2.32.5', 'Accept-Encoding': 'gzip, deflate', 'Accept': '*/*', 'Connection': 'keep-alive', 'Content-Length': '17', 'Content-Type': 'application/json'} 
 body=b'{"name": "Pooja"}' 
 </msg>
<msg time="2026-02-02T12:56:35.832844" level="INFO">PUT Response : url=http://127.0.0.1:5000/users/1 
 status=200, reason=OK 
 headers={'Server': 'Werkzeug/3.1.5 Python/3.13.3', 'Date': 'Mon, 02 Feb 2026 07:26:35 GMT', 'Content-Type': 'application/json', 'Content-Length': '33', 'Connection': 'close'} 
 body={
  "id": 1,
  "name": "Pooja"
}
 
 </msg>
<msg time="2026-02-02T12:56:35.832978" level="INFO">${response} = &lt;Response [200]&gt;</msg>
<var>${response}</var>
<arg>postingsession</arg>
<arg>/users/1</arg>
<arg>json=${data}</arg>
<doc>Sends a PUT request on a previously created HTTP Session.</doc>
<status status="PASS" start="2026-02-02T12:56:35.805635" elapsed="0.027370"/>
</kw>
<kw name="Status Should Be" owner="RequestsLibrary">
<arg>200</arg>
<arg>${response}</arg>
<doc>Fails if response status code is different than the expected.</doc>
<status status="PASS" start="2026-02-02T12:56:35.838132" elapsed="0.000332"/>
</kw>
<kw name="Evaluate" owner="BuiltIn">
<msg time="2026-02-02T12:56:35.839978" level="INFO">${user_json} = {'id': 1, 'name': 'Pooja'}</msg>
<var>${user_json}</var>
<arg>$response.json()</arg>
<doc>Evaluates the given expression in Python and returns the result.</doc>
<status status="PASS" start="2026-02-02T12:56:35.838735" elapsed="0.001292"/>
</kw>
<kw name="Log" owner="BuiltIn">
<msg time="2026-02-02T12:56:35.841749" level="INFO">{'id': 1, 'name': 'Pooja'}=</msg>
<arg>${user_json}=</arg>
<arg>console=True</arg>
<doc>Logs the given message with the given level.</doc>
<status status="PASS" start="2026-02-02T12:56:35.841002" elapsed="0.012032"/>
</kw>
<status status="PASS" start="2026-02-02T12:56:35.803762" elapsed="0.049662"/>
</test>
<test id="s1-t3" name="patch user" line="22">
<kw name="Create Session" owner="RequestsLibrary">
<msg time="2026-02-02T12:56:35.857547" level="INFO">Creating Session using : alias=postingsession, url=http://127.0.0.1:5000, headers={},                     cookies={}, auth=None, timeout=None, proxies=None, verify=False,                     debug=0 </msg>
<arg>postingsession</arg>
<arg>${baseurl}</arg>
<doc>Create Session: create a HTTP session to a server</doc>
<status status="PASS" start="2026-02-02T12:56:35.857193" elapsed="0.000543"/>
</kw>
<kw name="Create Dictionary" owner="BuiltIn">
<msg time="2026-02-02T12:56:35.861761" level="INFO">${data} = {'name': 'Pooja patched'}</msg>
<var>${data}</var>
<arg>name=Pooja patched</arg>
<doc>Creates and returns a dictionary based on the given ``items``.</doc>
<status status="PASS" start="2026-02-02T12:56:35.861064" elapsed="0.000746"/>
</kw>
<kw name="PUT On Session" owner="RequestsLibrary">
<msg time="2026-02-02T12:56:35.885667" level="INFO">PUT Request : url=http://127.0.0.1:5000/users/1 
 path_url=/users/1 
 headers={'User-Agent': 'python-requests/2.32.5', 'Accept-Encoding': 'gzip, deflate', 'Accept': '*/*', 'Connection': 'keep-alive', 'Content-Length': '25', 'Content-Type': 'application/json'} 
 body=b'{"name": "Pooja patched"}' 
 </msg>
<msg time="2026-02-02T12:56:35.885760" level="INFO">PUT Response : url=http://127.0.0.1:5000/users/1 
 status=200, reason=OK 
 headers={'Server': 'Werkzeug/3.1.5 Python/3.13.3', 'Date': 'Mon, 02 Feb 2026 07:26:35 GMT', 'Content-Type': 'application/json', 'Content-Length': '41', 'Connection': 'close'} 
 body={
  "id": 1,
  "name": "Pooja patched"
}
 
 </msg>
<msg time="2026-02-02T12:56:35.885913" level="INFO">${response} = &lt;Response [200]&gt;</msg>
<var>${response}</var>
<arg>postingsession</arg>
<arg>/users/1</arg>
<arg>json=${data}</arg>
<doc>Sends a PUT request on a previously created HTTP Session.</doc>
<status status="PASS" start="2026-02-02T12:56:35.868520" elapsed="0.017420"/>
</kw>
<kw name="Status Should Be" owner="RequestsLibrary">
<arg>200</arg>
<arg>${response}</arg>
<doc>Fails if response status code is different than the expected.</doc>
<status status="PASS" start="2026-02-02T12:56:35.886629" elapsed="0.000290"/>
</kw>
<kw name="Evaluate" owner="BuiltIn">
<msg time="2026-02-02T12:56:35.897551" level="INFO">${user_json} = {'id': 1, 'name': 'Pooja patched'}</msg>
<var>${user_json}</var>
<arg>$response.json()</arg>
<doc>Evaluates the given expression in Python and returns the result.</doc>
<status status="PASS" start="2026-02-02T12:56:35.896457" elapsed="0.001146"/>
</kw>
<kw name="Log" owner="BuiltIn">
<msg time="2026-02-02T12:56:35.898757" level="INFO">{'id': 1, 'name': 'Pooja patched'}=</msg>
<arg>${user_json}=</arg>
<arg>console=True</arg>
<doc>Logs the given message with the given level.</doc>
<status status="PASS" start="2026-02-02T12:56:35.898069" elapsed="0.002729"/>
</kw>
<status status="PASS" start="2026-02-02T12:56:35.856066" elapsed="0.045458"/>
</test>
<test id="s1-t4" name="Verify Get All Users" line="30">
<kw name="Create Session" owner="RequestsLibrary">
<msg time="2026-02-02T12:56:35.902740" level="INFO">Creating Session using : alias=mysession, url=http://127.0.0.1:5000, headers={},                     cookies={}, auth=None, timeout=None, proxies=None, verify=False,                     debug=0 </msg>
<arg>mysession</arg>
<arg>${baseurl}</arg>
<doc>Create Session: create a HTTP session to a server</doc>
<status status="PASS" start="2026-02-02T12:56:35.902531" elapsed="0.000384"/>
</kw>
<kw name="GET On Session" owner="RequestsLibrary">
<msg time="2026-02-02T12:56:35.917868" level="INFO">GET Request : url=http://127.0.0.1:5000/users 
 path_url=/users 
 headers={'User-Agent': 'python-requests/2.32.5', 'Accept-Encoding': 'gzip, deflate', 'Accept': '*/*', 'Connection': 'keep-alive'} 
 body=None 
 </msg>
<msg time="2026-02-02T12:56:35.918008" level="INFO">GET Response : url=http://127.0.0.1:5000/users 
 status=200, reason=OK 
 headers={'Server': 'Werkzeug/3.1.5 Python/3.13.3', 'Date': 'Mon, 02 Feb 2026 07:26:35 GMT', 'Content-Type': 'application/json', 'Content-Length': '313', 'Connection': 'close'} 
 body=[
  {
    "id": 1,
    "name": "Pooja patched"
  },
  {
    "id": 2,
    "name": "Hema_Patched"
  },
  {
    "id": 3,
    "name": "Bhanu"
  },
  {
    "id": 4,
    "name": "Bhanu"
  },
  {
    "id": 5,
    "name": "Bhanu"
  },
  {
    "id": 6,
    "name": "Bhanu"
  },
  {
    "id": 7,
    "name": "varsha"
  }
]
 
 </msg>
<msg time="2026-02-02T12:56:35.918205" level="INFO">${response} = &lt;Response [200]&gt;</msg>
<var>${response}</var>
<arg>mysession</arg>
<arg>/users</arg>
<doc>Sends a GET request on a previously created HTTP Session.</doc>
<status status="PASS" start="2026-02-02T12:56:35.903161" elapsed="0.015072"/>
</kw>
<kw name="Status Should Be" owner="RequestsLibrary">
<arg>200</arg>
<arg>${response}</arg>
<doc>Fails if response status code is different than the expected.</doc>
<status status="PASS" start="2026-02-02T12:56:35.918516" elapsed="0.000262"/>
</kw>
<kw name="To Json" owner="RequestsLibrary">
<msg time="2026-02-02T12:56:35.919060" level="WARN">Keyword 'RequestsLibrary.To Json' is deprecated. Please use ${resp.json()} instead. Have a look at the improved HTML output as pretty printing replacement.</msg>
<msg time="2026-02-02T12:56:35.937671" level="INFO">To JSON using : content=[
  {
    "id": 1,
    "name": "Pooja patched"
  },
  {
    "id": 2,
    "name": "Hema_Patched"
  },
  {
    "id": 3,
    "name": "Bhanu"
  },
  {
    "id": 4,
    "name": "Bhanu"
  },
  {
    "id": 5,
    "name": "Bhanu"
  },
  {
    "id": 6,
    "name": "Bhanu"
  },
  {
    "id": 7,
    "name": "varsha"
  }
]
 </msg>
<msg time="2026-02-02T12:56:35.937726" level="INFO">To JSON using : pretty_print=False </msg>
<msg time="2026-02-02T12:56:35.937841" level="INFO">${res_jon} = [{'id': 1, 'name': 'Pooja patched'}, {'id': 2, 'name': 'Hema_Patched'}, {'id': 3, 'name': 'Bhanu'}, {'id': 4, 'name': 'Bhanu'}, {'id': 5, 'name': 'Bhanu'}, {'id': 6, 'name': 'Bhanu'}, {'id': 7, 'name'...</msg>
<var>${res_jon}</var>
<arg>${response.content}</arg>
<doc>*DEPRECATED* Please use ${resp.json()} instead. Have a look at the improved HTML output as pretty printing replacement.</doc>
<status status="PASS" start="2026-02-02T12:56:35.918996" elapsed="0.018871"/>
</kw>
<kw name="Log" owner="BuiltIn">
<msg time="2026-02-02T12:56:35.938684" level="INFO">[{'id': 1, 'name': 'Pooja patched'}, {'id': 2, 'name': 'Hema_Patched'}, {'id': 3, 'name': 'Bhanu'}, {'id': 4, 'name': 'Bhanu'}, {'id': 5, 'name': 'Bhanu'}, {'id': 6, 'name': 'Bhanu'}, {'id': 7, 'name': 'varsha'}]=</msg>
<arg>${res_jon}=</arg>
<arg>console=True</arg>
<doc>Logs the given message with the given level.</doc>
<status status="PASS" start="2026-02-02T12:56:35.938190" elapsed="0.000656"/>
</kw>
<status status="PASS" start="2026-02-02T12:56:35.902129" elapsed="0.039047"/>
</test>
<test id="s1-t5" name="Verify Get Single user" line="37">
<kw name="Create Session" owner="RequestsLibrary">
<msg time="2026-02-02T12:56:35.943462" level="INFO">Creating Session using : alias=mysession, url=http://127.0.0.1:5000, headers={},                     cookies={}, auth=None, timeout=None, proxies=None, verify=False,                     debug=0 </msg>
<arg>mysession</arg>
<arg>${baseurl}</arg>
<doc>Create Session: create a HTTP session to a server</doc>
<status status="PASS" start="2026-02-02T12:56:35.943216" elapsed="0.000445"/>
</kw>
<kw name="GET On Session" owner="RequestsLibrary">
<msg time="2026-02-02T12:56:35.948086" level="INFO">GET Request : url=http://127.0.0.1:5000/users/3 
 path_url=/users/3 
 headers={'User-Agent': 'python-requests/2.32.5', 'Accept-Encoding': 'gzip, deflate', 'Accept': '*/*', 'Connection': 'keep-alive'} 
 body=None 
 </msg>
<msg time="2026-02-02T12:56:35.948208" level="INFO">GET Response : url=http://127.0.0.1:5000/users/3 
 status=200, reason=OK 
 headers={'Server': 'Werkzeug/3.1.5 Python/3.13.3', 'Date': 'Mon, 02 Feb 2026 07:26:35 GMT', 'Content-Type': 'application/json', 'Content-Length': '33', 'Connection': 'close'} 
 body={
  "id": 3,
  "name": "Bhanu"
}
 
 </msg>
<msg time="2026-02-02T12:56:35.948367" level="INFO">${response} = &lt;Response [200]&gt;</msg>
<var>${response}</var>
<arg>mysession</arg>
<arg>/users/3</arg>
<doc>Sends a GET request on a previously created HTTP Session.</doc>
<status status="PASS" start="2026-02-02T12:56:35.944082" elapsed="0.004318"/>
</kw>
<kw name="Status Should Be" owner="RequestsLibrary">
<arg>200</arg>
<arg>${response}</arg>
<doc>Fails if response status code is different than the expected.</doc>
<status status="PASS" start="2026-02-02T12:56:35.948957" elapsed="0.000784"/>
</kw>
<kw name="To Json" owner="RequestsLibrary">
<msg time="2026-02-02T12:56:35.950140" level="WARN">Keyword 'RequestsLibrary.To Json' is deprecated. Please use ${resp.json()} instead. Have a look at the improved HTML output as pretty printing replacement.</msg>
<msg time="2026-02-02T12:56:35.953946" level="INFO">To JSON using : content={
  "id": 3,
  "name": "Bhanu"
}
 </msg>
<msg time="2026-02-02T12:56:35.954008" level="INFO">To JSON using : pretty_print=False </msg>
<msg time="2026-02-02T12:56:35.954137" level="INFO">${res_jon} = {'id': 3, 'name': 'Bhanu'}</msg>
<var>${res_jon}</var>
<arg>${response.content}</arg>
<doc>*DEPRECATED* Please use ${resp.json()} instead. Have a look at the improved HTML output as pretty printing replacement.</doc>
<status status="PASS" start="2026-02-02T12:56:35.950102" elapsed="0.004086"/>
</kw>
<kw name="Log" owner="BuiltIn">
<msg time="2026-02-02T12:56:35.968472" level="INFO">{'id': 3, 'name': 'Bhanu'}=</msg>
<arg>${res_jon}=</arg>
<arg>console=True</arg>
<doc>Logs the given message with the given level.</doc>
<status status="PASS" start="2026-02-02T12:56:35.966389" elapsed="0.003227"/>
</kw>
<status status="PASS" start="2026-02-02T12:56:35.942356" elapsed="0.031742"/>
</test>
<test id="s1-t6" name="Verify Get Single user not gound" line="43">
<kw name="Create Session" owner="RequestsLibrary">
<msg time="2026-02-02T12:56:35.980333" level="INFO">Creating Session using : alias=mysession, url=http://127.0.0.1:5000, headers={},                     cookies={}, auth=None, timeout=None, proxies=None, verify=False,                     debug=0 </msg>
<arg>mysession</arg>
<arg>${baseurl}</arg>
<doc>Create Session: create a HTTP session to a server</doc>
<status status="PASS" start="2026-02-02T12:56:35.978910" elapsed="0.001986"/>
</kw>
<kw name="GET On Session" owner="RequestsLibrary">
<msg time="2026-02-02T12:56:35.997770" level="INFO">GET Request : url=http://127.0.0.1:5000/users/99999 
 path_url=/users/99999 
 headers={'User-Agent': 'python-requests/2.32.5', 'Accept-Encoding': 'gzip, deflate', 'Accept': '*/*', 'Connection': 'keep-alive'} 
 body=None 
 </msg>
<msg time="2026-02-02T12:56:35.998215" level="INFO">GET Response : url=http://127.0.0.1:5000/users/99999 
 status=404, reason=NOT FOUND 
 headers={'Server': 'Werkzeug/3.1.5 Python/3.13.3', 'Date': 'Mon, 02 Feb 2026 07:26:35 GMT', 'Content-Type': 'application/json', 'Content-Length': '34', 'Connection': 'close'} 
 body={
  "message": "user not found"
}
 
 </msg>
<msg time="2026-02-02T12:56:36.001351" level="FAIL">HTTPError: 404 Client Error: NOT FOUND for url: http://127.0.0.1:5000/users/99999</msg>
<var>${response}</var>
<arg>mysession</arg>
<arg>/users/99999</arg>
<doc>Sends a GET request on a previously created HTTP Session.</doc>
<status status="FAIL" start="2026-02-02T12:56:35.982036" elapsed="0.027901">HTTPError: 404 Client Error: NOT FOUND for url: http://127.0.0.1:5000/users/99999</status>
</kw>
<kw name="Status Should Be" owner="RequestsLibrary">
<arg>404</arg>
<arg>${response}</arg>
<doc>Fails if response status code is different than the expected.</doc>
<status status="NOT RUN" start="2026-02-02T12:56:36.011881" elapsed="0.000040"/>
</kw>
<kw name="To Json" owner="RequestsLibrary">
<msg time="2026-02-02T12:56:36.012204" level="WARN">Keyword 'RequestsLibrary.To Json' is deprecated. Please use ${resp.json()} instead. Have a look at the improved HTML output as pretty printing replacement.</msg>
<var>${res_jon}</var>
<arg>${response.content}</arg>
<doc>*DEPRECATED* Please use ${resp.json()} instead. Have a look at the improved HTML output as pretty printing replacement.</doc>
<status status="NOT RUN" start="2026-02-02T12:56:36.012169" elapsed="0.000203"/>
</kw>
<kw name="Log" owner="BuiltIn">
<arg>${res_jon}=</arg>
<arg>console=True</arg>
<doc>Logs the given message with the given level.</doc>
<status status="NOT RUN" start="2026-02-02T12:56:36.012527" elapsed="0.000023"/>
</kw>
<status status="FAIL" start="2026-02-02T12:56:35.978431" elapsed="0.034368">HTTPError: 404 Client Error: NOT FOUND for url: http://127.0.0.1:5000/users/99999</status>
</test>
<test id="s1-t7" name="Verify Delete user by userid" line="50">
<kw name="Create Session" owner="RequestsLibrary">
<msg time="2026-02-02T12:56:36.013640" level="INFO">Creating Session using : alias=mysession, url=http://127.0.0.1:5000, headers={},                     cookies={}, auth=None, timeout=None, proxies=None, verify=False,                     debug=0 </msg>
<arg>mysession</arg>
<arg>${baseurl}</arg>
<doc>Create Session: create a HTTP session to a server</doc>
<status status="PASS" start="2026-02-02T12:56:36.013471" elapsed="0.000801"/>
</kw>
<kw name="GET On Session" owner="RequestsLibrary">
<msg time="2026-02-02T12:56:36.026674" level="INFO">GET Request : url=http://127.0.0.1:5000/users/1 
 path_url=/users/1 
 headers={'User-Agent': 'python-requests/2.32.5', 'Accept-Encoding': 'gzip, deflate', 'Accept': '*/*', 'Connection': 'keep-alive'} 
 body=None 
 </msg>
<msg time="2026-02-02T12:56:36.026779" level="INFO">GET Response : url=http://127.0.0.1:5000/users/1 
 status=200, reason=OK 
 headers={'Server': 'Werkzeug/3.1.5 Python/3.13.3', 'Date': 'Mon, 02 Feb 2026 07:26:36 GMT', 'Content-Type': 'application/json', 'Content-Length': '41', 'Connection': 'close'} 
 body={
  "id": 1,
  "name": "Pooja patched"
}
 
 </msg>
<msg time="2026-02-02T12:56:36.026944" level="INFO">${response} = &lt;Response [200]&gt;</msg>
<var>${response}</var>
<arg>mysession</arg>
<arg>/users/1</arg>
<doc>Sends a GET request on a previously created HTTP Session.</doc>
<status status="PASS" start="2026-02-02T12:56:36.017779" elapsed="0.009193"/>
</kw>
<kw name="Status Should Be" owner="RequestsLibrary">
<arg>200</arg>
<arg>${response}</arg>
<doc>Fails if response status code is different than the expected.</doc>
<status status="PASS" start="2026-02-02T12:56:36.082139" elapsed="0.000373"/>
</kw>
<kw name="To Json" owner="RequestsLibrary">
<msg time="2026-02-02T12:56:36.086736" level="WARN">Keyword 'RequestsLibrary.To Json' is deprecated. Please use ${resp.json()} instead. Have a look at the improved HTML output as pretty printing replacement.</msg>
<msg time="2026-02-02T12:56:36.106113" level="INFO">To JSON using : content={
  "id": 1,
  "name": "Pooja patched"
}
 </msg>
<msg time="2026-02-02T12:56:36.106164" level="INFO">To JSON using : pretty_print=False </msg>
<msg time="2026-02-02T12:56:36.106263" level="INFO">${res_jon} = {'id': 1, 'name': 'Pooja patched'}</msg>
<var>${res_jon}</var>
<arg>${response.content}</arg>
<doc>*DEPRECATED* Please use ${resp.json()} instead. Have a look at the improved HTML output as pretty printing replacement.</doc>
<status status="PASS" start="2026-02-02T12:56:36.086660" elapsed="0.019628"/>
</kw>
<kw name="Log" owner="BuiltIn">
<msg time="2026-02-02T12:56:36.112401" level="INFO">{'id': 1, 'name': 'Pooja patched'}=</msg>
<arg>${res_jon}=</arg>
<arg>console=True</arg>
<doc>Logs the given message with the given level.</doc>
<status status="PASS" start="2026-02-02T12:56:36.107635" elapsed="0.005216"/>
</kw>
<status status="PASS" start="2026-02-02T12:56:36.013153" elapsed="0.100494"/>
</test>
<status status="FAIL" start="2026-02-02T12:56:35.504981" elapsed="0.609741"/>
</suite>
<statistics>
<total>
<stat pass="6" fail="1" skip="0">All Tests</stat>
</total>
<tag>
</tag>
<suite>
<stat name="MyTest08 Flaskapi" id="s1" pass="6" fail="1" skip="0">MyTest08 Flaskapi</stat>
</suite>
</statistics>
<errors>
<msg time="2026-02-02T12:56:35.919060" level="WARN">Keyword 'RequestsLibrary.To Json' is deprecated. Please use ${resp.json()} instead. Have a look at the improved HTML output as pretty printing replacement.</msg>
<msg time="2026-02-02T12:56:35.950140" level="WARN">Keyword 'RequestsLibrary.To Json' is deprecated. Please use ${resp.json()} instead. Have a look at the improved HTML output as pretty printing replacement.</msg>
<msg time="2026-02-02T12:56:36.012204" level="WARN">Keyword 'RequestsLibrary.To Json' is deprecated. Please use ${resp.json()} instead. Have a look at the improved HTML output as pretty printing replacement.</msg>
<msg time="2026-02-02T12:56:36.086736" level="WARN">Keyword 'RequestsLibrary.To Json' is deprecated. Please use ${resp.json()} instead. Have a look at the improved HTML output as pretty printing replacement.</msg>
</errors>
</robot>
