<?xml version="1.0" encoding="UTF-8"?>
<robot generator="Robot 7.4.1 (Python 3.13.3 on win32)" generated="2026-02-16T16:13:51.379510" rpa="false" schemaversion="5">
<suite id="s1" name="Foodie Tests" source="C:\Users\ANMOL SINGHAL\PycharmProjects\PythonProject2\Project 01\foodie_tests.robot">
<test id="s1-t1" name="Check Restaurant API" line="5">
<kw name="Create Session" owner="RequestsLibrary">
<msg time="2026-02-16T16:13:51.569329" level="INFO">Creating Session using : alias=mysess, url=http://127.0.0.1:5000, headers={},                     cookies={}, auth=None, timeout=None, proxies=None, verify=False,                     debug=0 </msg>
<arg>mysess</arg>
<arg>http://127.0.0.1:5000</arg>
<doc>Create Session: create a HTTP session to a server</doc>
<status status="PASS" start="2026-02-16T16:13:51.568871" elapsed="0.000841"/>
</kw>
<kw name="Create Dictionary" owner="BuiltIn">
<msg time="2026-02-16T16:13:51.571093" level="INFO">&amp;{body} = { name=Dominos | location=Mumbai }</msg>
<var>&amp;{body}</var>
<arg>name=Dominos</arg>
<arg>location=Mumbai</arg>
<doc>Creates and returns a dictionary based on the given ``items``.</doc>
<status status="PASS" start="2026-02-16T16:13:51.570251" elapsed="0.001144"/>
</kw>
<kw name="POST On Session" owner="RequestsLibrary">
<msg time="2026-02-16T16:13:51.581599" level="INFO">POST Request : url=http://127.0.0.1:5000/api/v1/restaurants 
 path_url=/api/v1/restaurants 
 headers={'User-Agent': 'python-requests/2.32.5', 'Accept-Encoding': 'gzip, deflate', 'Accept': '*/*', 'Connection': 'keep-alive', 'Content-Length': '41', 'Content-Type': 'application/json'} 
 body=b'{"name": "Dominos", "location": "Mumbai"}' 
 </msg>
<msg time="2026-02-16T16:13:51.581733" level="INFO">POST Response : url=http://127.0.0.1:5000/api/v1/restaurants 
 status=201, reason=CREATED 
 headers={'Server': 'Werkzeug/3.1.5 Python/3.13.3', 'Date': 'Mon, 16 Feb 2026 10:43:51 GMT', 'Content-Type': 'application/json', 'Content-Length': '48', 'Connection': 'close'} 
 body={
  "location": "Mumbai",
  "name": "Dominos"
}
 
 </msg>
<msg time="2026-02-16T16:13:51.581999" level="INFO">${res} = &lt;Response [201]&gt;</msg>
<var>${res}</var>
<arg>mysess</arg>
<arg>/api/v1/restaurants</arg>
<arg>json=${body}</arg>
<doc>Sends a POST request on a previously created HTTP Session.</doc>
<status status="PASS" start="2026-02-16T16:13:51.571739" elapsed="0.010295"/>
</kw>
<kw name="Should Be Equal As Strings" owner="BuiltIn">
<msg time="2026-02-16T16:13:51.583814" level="INFO">Argument types are:
&lt;class 'int'&gt;
&lt;class 'str'&gt;</msg>
<arg>${res.status_code}</arg>
<arg>201</arg>
<doc>Fails if objects are unequal after converting them to strings.</doc>
<status status="PASS" start="2026-02-16T16:13:51.582408" elapsed="0.001512"/>
</kw>
<status status="PASS" start="2026-02-16T16:13:51.567915" elapsed="0.016347"/>
</test>
<test id="s1-t2" name="Check User Registration" line="11">
<kw name="Create Session" owner="RequestsLibrary">
<msg time="2026-02-16T16:13:51.585895" level="INFO">Creating Session using : alias=mysess, url=http://127.0.0.1:5000, headers={},                     cookies={}, auth=None, timeout=None, proxies=None, verify=False,                     debug=0 </msg>
<arg>mysess</arg>
<arg>http://127.0.0.1:5000</arg>
<doc>Create Session: create a HTTP session to a server</doc>
<status status="PASS" start="2026-02-16T16:13:51.585737" elapsed="0.000347"/>
</kw>
<kw name="Create Dictionary" owner="BuiltIn">
<msg time="2026-02-16T16:13:51.587194" level="INFO">&amp;{user} = { username=john_doe | email=john@email.com }</msg>
<var>&amp;{user}</var>
<arg>username=john_doe</arg>
<arg>email=john@email.com</arg>
<doc>Creates and returns a dictionary based on the given ``items``.</doc>
<status status="PASS" start="2026-02-16T16:13:51.586684" elapsed="0.000575"/>
</kw>
<kw name="POST On Session" owner="RequestsLibrary">
<msg time="2026-02-16T16:13:51.601755" level="INFO">POST Request : url=http://127.0.0.1:5000/api/v1/users 
 path_url=/api/v1/users 
 headers={'User-Agent': 'python-requests/2.32.5', 'Accept-Encoding': 'gzip, deflate', 'Accept': '*/*', 'Connection': 'keep-alive', 'Content-Length': '51', 'Content-Type': 'application/json'} 
 body=b'{"username": "john_doe", "email": "john@email.com"}' 
 </msg>
<msg time="2026-02-16T16:13:51.601933" level="INFO">POST Response : url=http://127.0.0.1:5000/api/v1/users 
 status=201, reason=CREATED 
 headers={'Server': 'Werkzeug/3.1.5 Python/3.13.3', 'Date': 'Mon, 16 Feb 2026 10:43:51 GMT', 'Content-Type': 'application/json', 'Content-Length': '115', 'Connection': 'close'} 
 body={
  "message": "User Account Created",
  "user": {
    "email": "john@email.com",
    "username": "john_doe"
  }
}
 
 </msg>
<msg time="2026-02-16T16:13:51.602144" level="INFO">${res} = &lt;Response [201]&gt;</msg>
<var>${res}</var>
<arg>mysess</arg>
<arg>/api/v1/users</arg>
<arg>json=${user}</arg>
<doc>Sends a POST request on a previously created HTTP Session.</doc>
<status status="PASS" start="2026-02-16T16:13:51.587788" elapsed="0.014400"/>
</kw>
<kw name="Should Be Equal As Strings" owner="BuiltIn">
<msg time="2026-02-16T16:13:51.603833" level="INFO">Argument types are:
&lt;class 'int'&gt;
&lt;class 'str'&gt;</msg>
<arg>${res.status_code}</arg>
<arg>201</arg>
<doc>Fails if objects are unequal after converting them to strings.</doc>
<status status="PASS" start="2026-02-16T16:13:51.603001" elapsed="0.000935"/>
</kw>
<status status="PASS" start="2026-02-16T16:13:51.585186" elapsed="0.019265"/>
</test>
<status status="PASS" start="2026-02-16T16:13:51.381176" elapsed="0.223885"/>
</suite>
<statistics>
<total>
<stat pass="2" fail="0" skip="0">All Tests</stat>
</total>
<tag>
</tag>
<suite>
<stat name="Foodie Tests" id="s1" pass="2" fail="0" skip="0">Foodie Tests</stat>
</suite>
</statistics>
<errors>
</errors>
</robot>
