<?xml version="1.0" encoding="UTF-8"?>
<robot generator="Robot 7.4.1 (Python 3.13.3 on win32)" generated="2026-02-18T15:18:29.903349" rpa="false" schemaversion="5">
<suite id="s1" name="Add To Cart Only" source="C:\Users\ANMOL SINGHAL\PycharmProjects\PythonProject2\Wipro_Capstone_Toolshop\robot_tests\add_to_cart_only.robot">
<test id="s1-t1" name="Verify Add To Cart Attribute" line="11">
<kw name="Open Toolshop Home">
<kw name="Open Browser" owner="SeleniumLibrary">
<msg time="2026-02-18T15:18:30.173984" level="INFO">Opening browser 'Chrome' to base url 'https://practicesoftwaretesting.com/'.</msg>
<arg>${URL}</arg>
<arg>${BROWSER}</arg>
<doc>Opens a new browser instance to the optional ``url``.</doc>
<status status="PASS" start="2026-02-18T15:18:30.173745" elapsed="3.625796"/>
</kw>
<kw name="Maximize Browser Window" owner="SeleniumLibrary">
<doc>Maximizes current browser window.</doc>
<status status="PASS" start="2026-02-18T15:18:33.800345" elapsed="0.790645"/>
</kw>
<kw name="Set Selenium Implicit Wait" owner="SeleniumLibrary">
<arg>10 seconds</arg>
<doc>Sets the implicit wait value used by Selenium.</doc>
<status status="PASS" start="2026-02-18T15:18:34.591329" elapsed="0.006656"/>
</kw>
<status status="PASS" start="2026-02-18T15:18:30.173161" elapsed="4.425044"/>
</kw>
<kw name="Search For Product">
<kw name="Input Text" owner="SeleniumLibrary">
<msg time="2026-02-18T15:18:34.601225" level="INFO">Typing text 'Pliers' into text field 'id:search-query'.</msg>
<arg>id:search-query</arg>
<arg>${product_name}</arg>
<doc>Types the given ``text`` into the text field identified by ``locator``.</doc>
<status status="PASS" start="2026-02-18T15:18:34.600685" elapsed="0.706912"/>
</kw>
<kw name="Click Button" owner="SeleniumLibrary">
<msg time="2026-02-18T15:18:35.308480" level="INFO">Clicking button 'css:[data-test="search-submit"]'.</msg>
<arg>css:[data-test="search-submit"]</arg>
<doc>Clicks the button identified by ``locator``.</doc>
<status status="PASS" start="2026-02-18T15:18:35.307978" elapsed="0.542758"/>
</kw>
<kw name="Wait Until Element Is Visible" owner="SeleniumLibrary">
<arg>css:a.card</arg>
<arg>timeout=10s</arg>
<doc>Waits until the element ``locator`` is visible.</doc>
<status status="PASS" start="2026-02-18T15:18:35.851129" elapsed="0.311097"/>
</kw>
<arg>${ITEM}</arg>
<status status="PASS" start="2026-02-18T15:18:34.600168" elapsed="1.562216"/>
</kw>
<kw name="Add Product To Cart">
<kw name="Click Element" owner="SeleniumLibrary">
<msg time="2026-02-18T15:18:36.163675" level="INFO">Clicking element 'css:a.card'.</msg>
<arg>css:a.card</arg>
<doc>Click the element identified by ``locator``.</doc>
<status status="PASS" start="2026-02-18T15:18:36.163469" elapsed="0.281720"/>
</kw>
<kw name="Wait Until Element Is Visible" owner="SeleniumLibrary">
<arg>id:btn-add-to-cart</arg>
<arg>timeout=10s</arg>
<doc>Waits until the element ``locator`` is visible.</doc>
<status status="PASS" start="2026-02-18T15:18:36.445643" elapsed="1.088679"/>
</kw>
<kw name="Click Button" owner="SeleniumLibrary">
<msg time="2026-02-18T15:18:37.534824" level="INFO">Clicking button 'id:btn-add-to-cart'.</msg>
<arg>id:btn-add-to-cart</arg>
<doc>Clicks the button identified by ``locator``.</doc>
<status status="PASS" start="2026-02-18T15:18:37.534580" elapsed="0.075987"/>
</kw>
<status status="PASS" start="2026-02-18T15:18:36.163112" elapsed="1.447609"/>
</kw>
<kw name="Verify Cart Confirmation">
<kw name="Wait Until Page Contains" owner="SeleniumLibrary">
<arg>Product added to shopping cart</arg>
<arg>timeout=10s</arg>
<doc>Waits until ``text`` appears on the current page.</doc>
<status status="PASS" start="2026-02-18T15:18:37.611415" elapsed="3.091429"/>
</kw>
<kw name="Element Should Be Visible" owner="SeleniumLibrary">
<msg time="2026-02-18T15:18:40.745931" level="INFO">Element 'css:[data-test="cart-quantity"]' is displayed.</msg>
<arg>css:[data-test="cart-quantity"]</arg>
<doc>Verifies that the element identified by ``locator`` is visible.</doc>
<status status="PASS" start="2026-02-18T15:18:40.703107" elapsed="0.042913"/>
</kw>
<status status="PASS" start="2026-02-18T15:18:37.611149" elapsed="3.134955"/>
</kw>
<kw name="Log To Console" owner="BuiltIn">
<arg>ATTRIBUTE 3: ADD TO CART PASSED</arg>
<doc>Logs the given message to the console.</doc>
<status status="PASS" start="2026-02-18T15:18:40.746346" elapsed="0.000440"/>
</kw>
<status status="PASS" start="2026-02-18T15:18:30.172413" elapsed="10.574596"/>
</test>
<kw name="Close All Browsers" owner="SeleniumLibrary" type="TEARDOWN">
<doc>Closes all open browsers and resets the browser cache.</doc>
<status status="PASS" start="2026-02-18T15:18:40.747835" elapsed="2.352610"/>
</kw>
<status status="PASS" start="2026-02-18T15:18:29.905104" elapsed="13.195502"/>
</suite>
<statistics>
<total>
<stat pass="1" fail="0" skip="0">All Tests</stat>
</total>
<tag>
</tag>
<suite>
<stat name="Add To Cart Only" id="s1" pass="1" fail="0" skip="0">Add To Cart Only</stat>
</suite>
</statistics>
<errors>
</errors>
</robot>
