<?xml version="1.0" encoding="UTF-8"?>
<robot generator="Robot 7.4.1 (Python 3.13.3 on win32)" generated="2026-01-29T16:39:30.696213" rpa="false" schemaversion="5">
<suite id="s1" name="Basics Test" source="C:\Users\ANMOL SINGHAL\PycharmProjects\PythonProject2\DAY 12\DAY 12 QUESTION 01\basics_test.robot">
<test id="s1-t1" name="TC003_Variable_And_Logging_Test" line="16">
<kw name="Log To Console" owner="BuiltIn">
<arg>\nStep 1: ${LOG_MESSAGES}[0]</arg>
<doc>Logs the given message to the console.</doc>
<status status="PASS" start="2026-01-29T16:39:31.154642" elapsed="0.001159"/>
</kw>
<kw name="Open Browser" owner="SeleniumLibrary">
<msg time="2026-01-29T16:39:31.156370" level="INFO">Opening browser 'chrome' to base url 'https://opensource-demo.orangehrmlive.com/web/index.php/auth/login'.</msg>
<arg>${URL}</arg>
<arg>${BROWSER}</arg>
<doc>Opens a new browser instance to the optional ``url``.</doc>
<status status="PASS" start="2026-01-29T16:39:31.156125" elapsed="32.131591"/>
</kw>
<kw name="Maximize Browser Window" owner="SeleniumLibrary">
<doc>Maximizes current browser window.</doc>
<status status="PASS" start="2026-01-29T16:40:03.289081" elapsed="0.042805"/>
</kw>
<kw name="Log To Console" owner="BuiltIn">
<arg>Step 2: ${LOG_MESSAGES}[1]</arg>
<doc>Logs the given message to the console.</doc>
<status status="PASS" start="2026-01-29T16:40:03.332272" elapsed="0.000627"/>
</kw>
<kw name="Wait Until Element Is Visible" owner="SeleniumLibrary">
<arg>name=username</arg>
<arg>timeout=10s</arg>
<doc>Waits until the element ``locator`` is visible.</doc>
<status status="PASS" start="2026-01-29T16:40:03.333114" elapsed="6.274769"/>
</kw>
<kw name="Input Text" owner="SeleniumLibrary">
<msg time="2026-01-29T16:40:09.609040" level="INFO">Typing text 'Admin' into text field 'name=username'.</msg>
<arg>name=username</arg>
<arg>${USERNAME}</arg>
<doc>Types the given ``text`` into the text field identified by ``locator``.</doc>
<status status="PASS" start="2026-01-29T16:40:09.608408" elapsed="0.161392"/>
</kw>
<kw name="Input Text" owner="SeleniumLibrary">
<msg time="2026-01-29T16:40:09.770494" level="INFO">Typing text 'admin123' into text field 'name=password'.</msg>
<arg>name=password</arg>
<arg>${PASSWORD}</arg>
<doc>Types the given ``text`` into the text field identified by ``locator``.</doc>
<status status="PASS" start="2026-01-29T16:40:09.770166" elapsed="0.105502"/>
</kw>
<kw name="Capture Page Screenshot" owner="SeleniumLibrary">
<msg time="2026-01-29T16:40:09.996513" level="INFO" html="true">&lt;/td&gt;&lt;/tr&gt;&lt;tr&gt;&lt;td colspan="3"&gt;&lt;a href="login_step.png"&gt;&lt;img src="login_step.png" width="800px"&gt;&lt;/a&gt;</msg>
<arg>login_step.png</arg>
<doc>Takes a screenshot of the current page and embeds it into a log file.</doc>
<status status="PASS" start="2026-01-29T16:40:09.876434" elapsed="0.120304"/>
</kw>
<kw name="Click Button" owner="SeleniumLibrary">
<msg time="2026-01-29T16:40:09.997905" level="INFO">Clicking button 'xpath=//button[@type='submit']'.</msg>
<arg>xpath=//button[@type='submit']</arg>
<doc>Clicks the button identified by ``locator``.</doc>
<status status="PASS" start="2026-01-29T16:40:09.997409" elapsed="0.155281"/>
</kw>
<kw name="Sleep" owner="BuiltIn">
<msg time="2026-01-29T16:40:15.154917" level="INFO">Slept 5 seconds.</msg>
<arg>5s</arg>
<doc>Pauses the test executed for the given time.</doc>
<status status="PASS" start="2026-01-29T16:40:10.154151" elapsed="5.001268"/>
</kw>
<kw name="Log To Console" owner="BuiltIn">
<arg>Step 3: ${LOG_MESSAGES}[2]</arg>
<doc>Logs the given message to the console.</doc>
<status status="PASS" start="2026-01-29T16:40:15.156478" elapsed="0.001417"/>
</kw>
<kw name="Capture Page Screenshot" owner="SeleniumLibrary">
<msg time="2026-01-29T16:40:26.550368" level="INFO" html="true">&lt;/td&gt;&lt;/tr&gt;&lt;tr&gt;&lt;td colspan="3"&gt;&lt;a href="dashboard_final.png"&gt;&lt;img src="dashboard_final.png" width="800px"&gt;&lt;/a&gt;</msg>
<arg>dashboard_final.png</arg>
<doc>Takes a screenshot of the current page and embeds it into a log file.</doc>
<status status="PASS" start="2026-01-29T16:40:15.158679" elapsed="11.392343"/>
</kw>
<kw name="Close Browser" owner="SeleniumLibrary">
<doc>Closes the current browser.</doc>
<status status="PASS" start="2026-01-29T16:40:26.551796" elapsed="2.672617"/>
</kw>
<doc>Test case to demonstrate how scalars and lists work in a login flow.</doc>
<status status="PASS" start="2026-01-29T16:39:31.152882" elapsed="58.072474"/>
</test>
<doc>A test suite demonstrating Variables and Logging in a Login scenario.</doc>
<status status="PASS" start="2026-01-29T16:39:30.697481" elapsed="58.530415"/>
</suite>
<statistics>
<total>
<stat pass="1" fail="0" skip="0">All Tests</stat>
</total>
<tag>
</tag>
<suite>
<stat name="Basics Test" id="s1" pass="1" fail="0" skip="0">Basics Test</stat>
</suite>
</statistics>
<errors>
</errors>
</robot>
